{"/Users/andeladeveloper/Desktop/post-it-app-2/client/Api/index.js": {"path":"/Users/andeladeveloper/Desktop/post-it-app-2/client/Api/index.js","statementMap":{"0":{"start":{"line":15,"column":31},"end":{"line":31,"column":1}},"1":{"start":{"line":16,"column":2},"end":{"line":30,"column":5}},"2":{"start":{"line":23,"column":4},"end":{"line":23,"column":47}},"3":{"start":{"line":24,"column":4},"end":{"line":24,"column":58}},"4":{"start":{"line":25,"column":4},"end":{"line":25,"column":59}},"5":{"start":{"line":26,"column":4},"end":{"line":26,"column":42}},"6":{"start":{"line":29,"column":4},"end":{"line":29,"column":46}},"7":{"start":{"line":41,"column":26},"end":{"line":55,"column":1}},"8":{"start":{"line":42,"column":2},"end":{"line":54,"column":7}},"9":{"start":{"line":47,"column":6},"end":{"line":47,"column":49}},"10":{"start":{"line":48,"column":6},"end":{"line":48,"column":60}},"11":{"start":{"line":49,"column":6},"end":{"line":49,"column":61}},"12":{"start":{"line":50,"column":6},"end":{"line":50,"column":44}},"13":{"start":{"line":53,"column":6},"end":{"line":53,"column":48}},"14":{"start":{"line":62,"column":27},"end":{"line":72,"column":1}},"15":{"start":{"line":63,"column":2},"end":{"line":71,"column":7}},"16":{"start":{"line":65,"column":6},"end":{"line":65,"column":35}},"17":{"start":{"line":66,"column":6},"end":{"line":66,"column":27}},"18":{"start":{"line":67,"column":6},"end":{"line":67,"column":44}},"19":{"start":{"line":70,"column":6},"end":{"line":70,"column":50}},"20":{"start":{"line":81,"column":27},"end":{"line":92,"column":1}},"21":{"start":{"line":82,"column":2},"end":{"line":91,"column":7}},"22":{"start":{"line":84,"column":6},"end":{"line":84,"column":49}},"23":{"start":{"line":85,"column":6},"end":{"line":85,"column":60}},"24":{"start":{"line":86,"column":6},"end":{"line":86,"column":61}},"25":{"start":{"line":87,"column":6},"end":{"line":87,"column":44}},"26":{"start":{"line":90,"column":6},"end":{"line":90,"column":48}},"27":{"start":{"line":102,"column":30},"end":{"line":113,"column":1}},"28":{"start":{"line":103,"column":2},"end":{"line":112,"column":7}},"29":{"start":{"line":107,"column":4},"end":{"line":107,"column":48}},"30":{"start":{"line":108,"column":4},"end":{"line":108,"column":42}},"31":{"start":{"line":111,"column":6},"end":{"line":111,"column":48}},"32":{"start":{"line":123,"column":27},"end":{"line":131,"column":1}},"33":{"start":{"line":124,"column":2},"end":{"line":130,"column":7}},"34":{"start":{"line":126,"column":6},"end":{"line":126,"column":54}},"35":{"start":{"line":129,"column":6},"end":{"line":129,"column":49}},"36":{"start":{"line":140,"column":30},"end":{"line":152,"column":1}},"37":{"start":{"line":141,"column":2},"end":{"line":151,"column":7}},"38":{"start":{"line":146,"column":4},"end":{"line":146,"column":64}},"39":{"start":{"line":147,"column":4},"end":{"line":147,"column":42}},"40":{"start":{"line":150,"column":6},"end":{"line":150,"column":48}},"41":{"start":{"line":162,"column":27},"end":{"line":175,"column":1}},"42":{"start":{"line":163,"column":2},"end":{"line":174,"column":5}},"43":{"start":{"line":170,"column":4},"end":{"line":170,"column":42}},"44":{"start":{"line":173,"column":4},"end":{"line":173,"column":46}},"45":{"start":{"line":183,"column":29},"end":{"line":191,"column":1}},"46":{"start":{"line":184,"column":2},"end":{"line":190,"column":7}},"47":{"start":{"line":186,"column":6},"end":{"line":186,"column":54}},"48":{"start":{"line":189,"column":6},"end":{"line":189,"column":49}},"49":{"start":{"line":201,"column":31},"end":{"line":210,"column":1}},"50":{"start":{"line":202,"column":2},"end":{"line":209,"column":7}},"51":{"start":{"line":204,"column":6},"end":{"line":204,"column":53}},"52":{"start":{"line":205,"column":6},"end":{"line":205,"column":55}},"53":{"start":{"line":208,"column":6},"end":{"line":208,"column":49}},"54":{"start":{"line":218,"column":24},"end":{"line":226,"column":1}},"55":{"start":{"line":219,"column":2},"end":{"line":225,"column":7}},"56":{"start":{"line":221,"column":6},"end":{"line":221,"column":54}},"57":{"start":{"line":224,"column":6},"end":{"line":224,"column":49}},"58":{"start":{"line":236,"column":32},"end":{"line":245,"column":1}},"59":{"start":{"line":237,"column":2},"end":{"line":244,"column":7}},"60":{"start":{"line":239,"column":6},"end":{"line":239,"column":53}},"61":{"start":{"line":240,"column":6},"end":{"line":240,"column":56}},"62":{"start":{"line":243,"column":6},"end":{"line":243,"column":49}},"63":{"start":{"line":255,"column":29},"end":{"line":265,"column":1}},"64":{"start":{"line":256,"column":2},"end":{"line":264,"column":7}},"65":{"start":{"line":260,"column":6},"end":{"line":260,"column":44}},"66":{"start":{"line":263,"column":6},"end":{"line":263,"column":48}}},"fnMap":{"0":{"name":"(anonymous_0)","decl":{"start":{"line":15,"column":31},"end":{"line":15,"column":32}},"loc":{"start":{"line":15,"column":41},"end":{"line":31,"column":1}},"line":15},"1":{"name":"(anonymous_1)","decl":{"start":{"line":22,"column":8},"end":{"line":22,"column":9}},"loc":{"start":{"line":22,"column":22},"end":{"line":27,"column":3}},"line":22},"2":{"name":"(anonymous_2)","decl":{"start":{"line":28,"column":9},"end":{"line":28,"column":10}},"loc":{"start":{"line":28,"column":20},"end":{"line":30,"column":3}},"line":28},"3":{"name":"(anonymous_3)","decl":{"start":{"line":41,"column":26},"end":{"line":41,"column":27}},"loc":{"start":{"line":41,"column":36},"end":{"line":55,"column":1}},"line":41},"4":{"name":"(anonymous_4)","decl":{"start":{"line":46,"column":10},"end":{"line":46,"column":11}},"loc":{"start":{"line":46,"column":24},"end":{"line":51,"column":5}},"line":46},"5":{"name":"(anonymous_5)","decl":{"start":{"line":52,"column":11},"end":{"line":52,"column":12}},"loc":{"start":{"line":52,"column":22},"end":{"line":54,"column":5}},"line":52},"6":{"name":"(anonymous_6)","decl":{"start":{"line":62,"column":27},"end":{"line":62,"column":28}},"loc":{"start":{"line":62,"column":33},"end":{"line":72,"column":1}},"line":62},"7":{"name":"(anonymous_7)","decl":{"start":{"line":64,"column":10},"end":{"line":64,"column":11}},"loc":{"start":{"line":64,"column":24},"end":{"line":68,"column":5}},"line":64},"8":{"name":"(anonymous_8)","decl":{"start":{"line":69,"column":11},"end":{"line":69,"column":12}},"loc":{"start":{"line":69,"column":22},"end":{"line":71,"column":5}},"line":69},"9":{"name":"(anonymous_9)","decl":{"start":{"line":81,"column":27},"end":{"line":81,"column":28}},"loc":{"start":{"line":81,"column":39},"end":{"line":92,"column":1}},"line":81},"10":{"name":"(anonymous_10)","decl":{"start":{"line":83,"column":10},"end":{"line":83,"column":11}},"loc":{"start":{"line":83,"column":24},"end":{"line":88,"column":5}},"line":83},"11":{"name":"(anonymous_11)","decl":{"start":{"line":89,"column":11},"end":{"line":89,"column":12}},"loc":{"start":{"line":89,"column":22},"end":{"line":91,"column":5}},"line":89},"12":{"name":"(anonymous_12)","decl":{"start":{"line":102,"column":30},"end":{"line":102,"column":31}},"loc":{"start":{"line":102,"column":41},"end":{"line":113,"column":1}},"line":102},"13":{"name":"(anonymous_13)","decl":{"start":{"line":105,"column":10},"end":{"line":105,"column":11}},"loc":{"start":{"line":105,"column":24},"end":{"line":109,"column":3}},"line":105},"14":{"name":"(anonymous_14)","decl":{"start":{"line":110,"column":11},"end":{"line":110,"column":12}},"loc":{"start":{"line":110,"column":22},"end":{"line":112,"column":5}},"line":110},"15":{"name":"(anonymous_15)","decl":{"start":{"line":123,"column":27},"end":{"line":123,"column":28}},"loc":{"start":{"line":123,"column":38},"end":{"line":131,"column":1}},"line":123},"16":{"name":"(anonymous_16)","decl":{"start":{"line":125,"column":10},"end":{"line":125,"column":11}},"loc":{"start":{"line":125,"column":24},"end":{"line":127,"column":5}},"line":125},"17":{"name":"(anonymous_17)","decl":{"start":{"line":128,"column":11},"end":{"line":128,"column":12}},"loc":{"start":{"line":128,"column":22},"end":{"line":130,"column":5}},"line":128},"18":{"name":"(anonymous_18)","decl":{"start":{"line":140,"column":30},"end":{"line":140,"column":31}},"loc":{"start":{"line":140,"column":40},"end":{"line":152,"column":1}},"line":140},"19":{"name":"(anonymous_19)","decl":{"start":{"line":145,"column":10},"end":{"line":145,"column":11}},"loc":{"start":{"line":145,"column":24},"end":{"line":148,"column":3}},"line":145},"20":{"name":"(anonymous_20)","decl":{"start":{"line":149,"column":11},"end":{"line":149,"column":12}},"loc":{"start":{"line":149,"column":22},"end":{"line":151,"column":5}},"line":149},"21":{"name":"(anonymous_21)","decl":{"start":{"line":162,"column":27},"end":{"line":162,"column":28}},"loc":{"start":{"line":162,"column":40},"end":{"line":175,"column":1}},"line":162},"22":{"name":"(anonymous_22)","decl":{"start":{"line":169,"column":8},"end":{"line":169,"column":9}},"loc":{"start":{"line":169,"column":22},"end":{"line":171,"column":3}},"line":169},"23":{"name":"(anonymous_23)","decl":{"start":{"line":172,"column":9},"end":{"line":172,"column":10}},"loc":{"start":{"line":172,"column":20},"end":{"line":174,"column":3}},"line":172},"24":{"name":"(anonymous_24)","decl":{"start":{"line":183,"column":29},"end":{"line":183,"column":30}},"loc":{"start":{"line":183,"column":35},"end":{"line":191,"column":1}},"line":183},"25":{"name":"(anonymous_25)","decl":{"start":{"line":185,"column":10},"end":{"line":185,"column":11}},"loc":{"start":{"line":185,"column":24},"end":{"line":187,"column":5}},"line":185},"26":{"name":"(anonymous_26)","decl":{"start":{"line":188,"column":11},"end":{"line":188,"column":12}},"loc":{"start":{"line":188,"column":22},"end":{"line":190,"column":5}},"line":188},"27":{"name":"(anonymous_27)","decl":{"start":{"line":201,"column":31},"end":{"line":201,"column":32}},"loc":{"start":{"line":201,"column":42},"end":{"line":210,"column":1}},"line":201},"28":{"name":"(anonymous_28)","decl":{"start":{"line":203,"column":10},"end":{"line":203,"column":11}},"loc":{"start":{"line":203,"column":24},"end":{"line":206,"column":5}},"line":203},"29":{"name":"(anonymous_29)","decl":{"start":{"line":207,"column":11},"end":{"line":207,"column":12}},"loc":{"start":{"line":207,"column":22},"end":{"line":209,"column":5}},"line":207},"30":{"name":"(anonymous_30)","decl":{"start":{"line":218,"column":24},"end":{"line":218,"column":25}},"loc":{"start":{"line":218,"column":30},"end":{"line":226,"column":1}},"line":218},"31":{"name":"(anonymous_31)","decl":{"start":{"line":220,"column":10},"end":{"line":220,"column":11}},"loc":{"start":{"line":220,"column":24},"end":{"line":222,"column":5}},"line":220},"32":{"name":"(anonymous_32)","decl":{"start":{"line":223,"column":11},"end":{"line":223,"column":12}},"loc":{"start":{"line":223,"column":22},"end":{"line":225,"column":5}},"line":223},"33":{"name":"(anonymous_33)","decl":{"start":{"line":236,"column":32},"end":{"line":236,"column":33}},"loc":{"start":{"line":236,"column":45},"end":{"line":245,"column":1}},"line":236},"34":{"name":"(anonymous_34)","decl":{"start":{"line":238,"column":10},"end":{"line":238,"column":11}},"loc":{"start":{"line":238,"column":24},"end":{"line":241,"column":5}},"line":238},"35":{"name":"(anonymous_35)","decl":{"start":{"line":242,"column":11},"end":{"line":242,"column":12}},"loc":{"start":{"line":242,"column":22},"end":{"line":244,"column":5}},"line":242},"36":{"name":"(anonymous_36)","decl":{"start":{"line":255,"column":29},"end":{"line":255,"column":30}},"loc":{"start":{"line":255,"column":40},"end":{"line":265,"column":1}},"line":255},"37":{"name":"(anonymous_37)","decl":{"start":{"line":259,"column":10},"end":{"line":259,"column":11}},"loc":{"start":{"line":259,"column":24},"end":{"line":261,"column":5}},"line":259},"38":{"name":"(anonymous_38)","decl":{"start":{"line":262,"column":11},"end":{"line":262,"column":12}},"loc":{"start":{"line":262,"column":22},"end":{"line":264,"column":5}},"line":262}},"branchMap":{},"s":{"0":26,"1":1,"2":0,"3":0,"4":0,"5":0,"6":1,"7":26,"8":1,"9":0,"10":0,"11":0,"12":0,"13":1,"14":26,"15":1,"16":0,"17":0,"18":0,"19":1,"20":26,"21":1,"22":0,"23":0,"24":0,"25":0,"26":1,"27":26,"28":1,"29":0,"30":0,"31":1,"32":26,"33":1,"34":0,"35":1,"36":26,"37":1,"38":0,"39":0,"40":1,"41":26,"42":1,"43":0,"44":1,"45":26,"46":1,"47":0,"48":1,"49":26,"50":2,"51":0,"52":0,"53":2,"54":26,"55":0,"56":0,"57":0,"58":26,"59":1,"60":0,"61":0,"62":1,"63":26,"64":1,"65":0,"66":1},"f":{"0":1,"1":0,"2":1,"3":1,"4":0,"5":1,"6":1,"7":0,"8":1,"9":1,"10":0,"11":1,"12":1,"13":0,"14":1,"15":1,"16":0,"17":1,"18":1,"19":0,"20":1,"21":1,"22":0,"23":1,"24":1,"25":0,"26":1,"27":2,"28":0,"29":2,"30":0,"31":0,"32":0,"33":1,"34":0,"35":1,"36":1,"37":0,"38":1},"b":{},"_coverageSchema":"332fd63041d2c1bcb487cc26dd0d5f7d97098a6c","hash":"0905cf9cf2179b72f242e8971b56957b41fccee0"}
,"/Users/andeladeveloper/Desktop/post-it-app-2/client/__test__/setup.js": {"path":"/Users/andeladeveloper/Desktop/post-it-app-2/client/__test__/setup.js","statementMap":{"0":{"start":{"line":1,"column":18},"end":{"line":1,"column":34}},"1":{"start":{"line":3,"column":14},"end":{"line":3,"column":68}},"2":{"start":{"line":4,"column":19},"end":{"line":4,"column":24}},"3":{"start":{"line":7,"column":16},"end":{"line":12,"column":11}},"4":{"start":{"line":8,"column":20},"end":{"line":8,"column":55}},"5":{"start":{"line":9,"column":31},"end":{"line":12,"column":5}},"6":{"start":{"line":13,"column":2},"end":{"line":13,"column":41}},"7":{"start":{"line":16,"column":0},"end":{"line":16,"column":23}},"8":{"start":{"line":17,"column":0},"end":{"line":17,"column":34}},"9":{"start":{"line":18,"column":0},"end":{"line":20,"column":2}},"10":{"start":{"line":21,"column":0},"end":{"line":21,"column":26}}},"fnMap":{"0":{"name":"copyProps","decl":{"start":{"line":6,"column":9},"end":{"line":6,"column":18}},"loc":{"start":{"line":6,"column":32},"end":{"line":14,"column":1}},"line":6},"1":{"name":"(anonymous_1)","decl":{"start":{"line":8,"column":12},"end":{"line":8,"column":13}},"loc":{"start":{"line":8,"column":20},"end":{"line":8,"column":55}},"line":8},"2":{"name":"(anonymous_2)","decl":{"start":{"line":9,"column":12},"end":{"line":9,"column":13}},"loc":{"start":{"line":9,"column":31},"end":{"line":12,"column":5}},"line":9}},"branchMap":{},"s":{"0":14,"1":14,"2":14,"3":14,"4":3122,"5":210,"6":14,"7":14,"8":14,"9":14,"10":14},"f":{"0":14,"1":3122,"2":210},"b":{},"_coverageSchema":"332fd63041d2c1bcb487cc26dd0d5f7d97098a6c","hash":"6de509071c8ba5a04df0fa4aceb6de8b534b9862"}
,"/Users/andeladeveloper/Desktop/post-it-app-2/client/actions/PostItActions.js": {"path":"/Users/andeladeveloper/Desktop/post-it-app-2/client/actions/PostItActions.js","statementMap":{"0":{"start":{"line":4,"column":22},"end":{"line":296,"column":1}},"1":{"start":{"line":13,"column":4},"end":{"line":16,"column":7}},"2":{"start":{"line":28,"column":4},"end":{"line":31,"column":7}},"3":{"start":{"line":43,"column":4},"end":{"line":46,"column":7}},"4":{"start":{"line":58,"column":4},"end":{"line":61,"column":7}},"5":{"start":{"line":73,"column":4},"end":{"line":76,"column":7}},"6":{"start":{"line":88,"column":4},"end":{"line":91,"column":7}},"7":{"start":{"line":102,"column":4},"end":{"line":105,"column":7}},"8":{"start":{"line":112,"column":4},"end":{"line":115,"column":7}},"9":{"start":{"line":127,"column":4},"end":{"line":131,"column":7}},"10":{"start":{"line":143,"column":4},"end":{"line":146,"column":7}},"11":{"start":{"line":158,"column":4},"end":{"line":161,"column":7}},"12":{"start":{"line":171,"column":4},"end":{"line":173,"column":7}},"13":{"start":{"line":185,"column":4},"end":{"line":188,"column":7}},"14":{"start":{"line":200,"column":4},"end":{"line":204,"column":7}},"15":{"start":{"line":216,"column":4},"end":{"line":220,"column":7}},"16":{"start":{"line":232,"column":4},"end":{"line":235,"column":7}},"17":{"start":{"line":247,"column":4},"end":{"line":250,"column":7}},"18":{"start":{"line":262,"column":4},"end":{"line":265,"column":7}},"19":{"start":{"line":276,"column":4},"end":{"line":279,"column":7}},"20":{"start":{"line":291,"column":4},"end":{"line":294,"column":7}}},"fnMap":{},"branchMap":{},"s":{"0":26,"1":1,"2":1,"3":1,"4":5,"5":1,"6":1,"7":1,"8":1,"9":1,"10":1,"11":1,"12":1,"13":1,"14":1,"15":1,"16":1,"17":1,"18":1,"19":1,"20":1},"f":{},"b":{},"_coverageSchema":"332fd63041d2c1bcb487cc26dd0d5f7d97098a6c","hash":"f36deb0b6a24b0add81dcddc421ab0ddc7f3c4ca"}
,"/Users/andeladeveloper/Desktop/post-it-app-2/client/components/ForgotPassword.jsx": {"path":"/Users/andeladeveloper/Desktop/post-it-app-2/client/components/ForgotPassword.jsx","statementMap":{"0":{"start":{"line":7,"column":4},"end":{"line":7,"column":17}},"1":{"start":{"line":8,"column":4},"end":{"line":11,"column":6}},"2":{"start":{"line":12,"column":4},"end":{"line":12,"column":45}},"3":{"start":{"line":13,"column":4},"end":{"line":13,"column":53}},"4":{"start":{"line":29,"column":4},"end":{"line":31,"column":7}},"5":{"start":{"line":44,"column":4},"end":{"line":44,"column":27}},"6":{"start":{"line":46,"column":6},"end":{"line":48,"column":7}},"7":{"start":{"line":49,"column":4},"end":{"line":54,"column":5}},"8":{"start":{"line":50,"column":6},"end":{"line":50,"column":52}},"9":{"start":{"line":52,"column":6},"end":{"line":52,"column":41}},"10":{"start":{"line":53,"column":6},"end":{"line":53,"column":47}},"11":{"start":{"line":57,"column":4},"end":{"line":89,"column":6}}},"fnMap":{"0":{"name":"(anonymous_0)","decl":{"start":{"line":6,"column":2},"end":{"line":6,"column":3}},"loc":{"start":{"line":6,"column":21},"end":{"line":14,"column":3}},"line":6},"1":{"name":"(anonymous_1)","decl":{"start":{"line":28,"column":2},"end":{"line":28,"column":3}},"loc":{"start":{"line":28,"column":18},"end":{"line":32,"column":3}},"line":28},"2":{"name":"(anonymous_2)","decl":{"start":{"line":43,"column":2},"end":{"line":43,"column":3}},"loc":{"start":{"line":43,"column":23},"end":{"line":55,"column":3}},"line":43},"3":{"name":"(anonymous_3)","decl":{"start":{"line":56,"column":2},"end":{"line":56,"column":3}},"loc":{"start":{"line":56,"column":12},"end":{"line":90,"column":3}},"line":56}},"branchMap":{"0":{"loc":{"start":{"line":49,"column":4},"end":{"line":54,"column":5}},"type":"if","locations":[{"start":{"line":49,"column":4},"end":{"line":54,"column":5}},{"start":{"line":49,"column":4},"end":{"line":54,"column":5}}],"line":49}},"s":{"0":8,"1":8,"2":8,"3":8,"4":1,"5":1,"6":1,"7":1,"8":0,"9":1,"10":1,"11":10},"f":{"0":8,"1":1,"2":1,"3":10},"b":{"0":[0,1]},"_coverageSchema":"332fd63041d2c1bcb487cc26dd0d5f7d97098a6c","hash":"c91cdbb76969f55d11c1dccb7455e9947872cf63"}
,"/Users/andeladeveloper/Desktop/post-it-app-2/client/components/Login.jsx": {"path":"/Users/andeladeveloper/Desktop/post-it-app-2/client/components/Login.jsx","statementMap":{"0":{"start":{"line":23,"column":4},"end":{"line":23,"column":17}},"1":{"start":{"line":24,"column":4},"end":{"line":29,"column":6}},"2":{"start":{"line":30,"column":4},"end":{"line":30,"column":45}},"3":{"start":{"line":31,"column":4},"end":{"line":31,"column":43}},"4":{"start":{"line":32,"column":4},"end":{"line":32,"column":55}},"5":{"start":{"line":46,"column":4},"end":{"line":48,"column":7}},"6":{"start":{"line":61,"column":4},"end":{"line":61,"column":27}},"7":{"start":{"line":62,"column":17},"end":{"line":65,"column":5}},"8":{"start":{"line":66,"column":4},"end":{"line":79,"column":5}},"9":{"start":{"line":67,"column":6},"end":{"line":67,"column":64}},"10":{"start":{"line":68,"column":11},"end":{"line":79,"column":5}},"11":{"start":{"line":69,"column":6},"end":{"line":69,"column":70}},"12":{"start":{"line":71,"column":6},"end":{"line":71,"column":32}},"13":{"start":{"line":72,"column":6},"end":{"line":78,"column":9}},"14":{"start":{"line":88,"column":4},"end":{"line":88,"column":27}},"15":{"start":{"line":89,"column":4},"end":{"line":89,"column":35}},"16":{"start":{"line":90,"column":21},"end":{"line":90,"column":59}},"17":{"start":{"line":91,"column":4},"end":{"line":91,"column":68}},"18":{"start":{"line":92,"column":4},"end":{"line":98,"column":51}},"19":{"start":{"line":94,"column":6},"end":{"line":94,"column":40}},"20":{"start":{"line":95,"column":6},"end":{"line":97,"column":9}},"21":{"start":{"line":98,"column":22},"end":{"line":98,"column":49}},"22":{"start":{"line":112,"column":22},"end":{"line":117,"column":5}},"23":{"start":{"line":114,"column":8},"end":{"line":114,"column":61}},"24":{"start":{"line":116,"column":6},"end":{"line":116,"column":21}},"25":{"start":{"line":118,"column":4},"end":{"line":174,"column":6}}},"fnMap":{"0":{"name":"(anonymous_0)","decl":{"start":{"line":22,"column":2},"end":{"line":22,"column":3}},"loc":{"start":{"line":22,"column":21},"end":{"line":33,"column":3}},"line":22},"1":{"name":"(anonymous_1)","decl":{"start":{"line":45,"column":2},"end":{"line":45,"column":3}},"loc":{"start":{"line":45,"column":18},"end":{"line":49,"column":3}},"line":45},"2":{"name":"(anonymous_2)","decl":{"start":{"line":60,"column":2},"end":{"line":60,"column":3}},"loc":{"start":{"line":60,"column":17},"end":{"line":80,"column":3}},"line":60},"3":{"name":"(anonymous_3)","decl":{"start":{"line":87,"column":2},"end":{"line":87,"column":3}},"loc":{"start":{"line":87,"column":23},"end":{"line":99,"column":3}},"line":87},"4":{"name":"(anonymous_4)","decl":{"start":{"line":93,"column":10},"end":{"line":93,"column":11}},"loc":{"start":{"line":93,"column":22},"end":{"line":98,"column":5}},"line":93},"5":{"name":"(anonymous_5)","decl":{"start":{"line":98,"column":13},"end":{"line":98,"column":14}},"loc":{"start":{"line":98,"column":22},"end":{"line":98,"column":49}},"line":98},"6":{"name":"(anonymous_6)","decl":{"start":{"line":111,"column":2},"end":{"line":111,"column":3}},"loc":{"start":{"line":111,"column":11},"end":{"line":175,"column":3}},"line":111},"7":{"name":"(anonymous_7)","decl":{"start":{"line":112,"column":22},"end":{"line":112,"column":23}},"loc":{"start":{"line":112,"column":28},"end":{"line":117,"column":5}},"line":112}},"branchMap":{"0":{"loc":{"start":{"line":66,"column":4},"end":{"line":79,"column":5}},"type":"if","locations":[{"start":{"line":66,"column":4},"end":{"line":79,"column":5}},{"start":{"line":66,"column":4},"end":{"line":79,"column":5}}],"line":66},"1":{"loc":{"start":{"line":68,"column":11},"end":{"line":79,"column":5}},"type":"if","locations":[{"start":{"line":68,"column":11},"end":{"line":79,"column":5}},{"start":{"line":68,"column":11},"end":{"line":79,"column":5}}],"line":68},"2":{"loc":{"start":{"line":114,"column":8},"end":{"line":114,"column":61}},"type":"cond-expr","locations":[{"start":{"line":114,"column":31},"end":{"line":114,"column":50}},{"start":{"line":114,"column":53},"end":{"line":114,"column":61}}],"line":114}},"s":{"0":1,"1":1,"2":1,"3":1,"4":1,"5":1,"6":4,"7":4,"8":4,"9":2,"10":2,"11":1,"12":1,"13":1,"14":1,"15":1,"16":1,"17":1,"18":1,"19":0,"20":0,"21":1,"22":6,"23":6,"24":6,"25":6},"f":{"0":1,"1":1,"2":4,"3":1,"4":0,"5":1,"6":6,"7":6},"b":{"0":[2,2],"1":[1,1],"2":[1,5]},"_coverageSchema":"332fd63041d2c1bcb487cc26dd0d5f7d97098a6c","hash":"c9d9e08c5cc1875697eab5ea3c1934a6dcb90f44"}
,"/Users/andeladeveloper/Desktop/post-it-app-2/client/components/NavBar.jsx": {"path":"/Users/andeladeveloper/Desktop/post-it-app-2/client/components/NavBar.jsx","statementMap":{"0":{"start":{"line":8,"column":15},"end":{"line":39,"column":1}},"1":{"start":{"line":18,"column":24},"end":{"line":21,"column":3}},"2":{"start":{"line":19,"column":4},"end":{"line":19,"column":27}},"3":{"start":{"line":20,"column":4},"end":{"line":20,"column":32}},"4":{"start":{"line":22,"column":2},"end":{"line":38,"column":4}}},"fnMap":{"0":{"name":"(anonymous_0)","decl":{"start":{"line":8,"column":15},"end":{"line":8,"column":16}},"loc":{"start":{"line":8,"column":21},"end":{"line":39,"column":1}},"line":8},"1":{"name":"(anonymous_1)","decl":{"start":{"line":18,"column":24},"end":{"line":18,"column":25}},"loc":{"start":{"line":18,"column":35},"end":{"line":21,"column":3}},"line":18}},"branchMap":{"0":{"loc":{"start":{"line":30,"column":14},"end":{"line":32,"column":60}},"type":"cond-expr","locations":[{"start":{"line":31,"column":14},"end":{"line":31,"column":77}},{"start":{"line":32,"column":14},"end":{"line":32,"column":60}}],"line":30}},"s":{"0":6,"1":38,"2":0,"3":0,"4":38},"f":{"0":38,"1":0},"b":{"0":[0,38]},"_coverageSchema":"332fd63041d2c1bcb487cc26dd0d5f7d97098a6c","hash":"407b5867d4f85b5b9f9278e89dcefdcd235e7082"}
,"/Users/andeladeveloper/Desktop/post-it-app-2/client/components/Register.jsx": {"path":"/Users/andeladeveloper/Desktop/post-it-app-2/client/components/Register.jsx","statementMap":{"0":{"start":{"line":19,"column":4},"end":{"line":19,"column":17}},"1":{"start":{"line":20,"column":4},"end":{"line":26,"column":6}},"2":{"start":{"line":27,"column":4},"end":{"line":27,"column":43}},"3":{"start":{"line":28,"column":4},"end":{"line":28,"column":45}},"4":{"start":{"line":43,"column":4},"end":{"line":45,"column":7}},"5":{"start":{"line":60,"column":4},"end":{"line":60,"column":27}},"6":{"start":{"line":61,"column":17},"end":{"line":66,"column":5}},"7":{"start":{"line":67,"column":4},"end":{"line":87,"column":5}},"8":{"start":{"line":68,"column":6},"end":{"line":68,"column":64}},"9":{"start":{"line":69,"column":11},"end":{"line":87,"column":5}},"10":{"start":{"line":70,"column":6},"end":{"line":70,"column":70}},"11":{"start":{"line":71,"column":11},"end":{"line":87,"column":5}},"12":{"start":{"line":72,"column":6},"end":{"line":72,"column":77}},"13":{"start":{"line":73,"column":11},"end":{"line":87,"column":5}},"14":{"start":{"line":74,"column":6},"end":{"line":74,"column":70}},"15":{"start":{"line":76,"column":6},"end":{"line":76,"column":39}},"16":{"start":{"line":80,"column":6},"end":{"line":86,"column":9}},"17":{"start":{"line":101,"column":4},"end":{"line":170,"column":6}}},"fnMap":{"0":{"name":"(anonymous_0)","decl":{"start":{"line":18,"column":2},"end":{"line":18,"column":3}},"loc":{"start":{"line":18,"column":21},"end":{"line":29,"column":3}},"line":18},"1":{"name":"(anonymous_1)","decl":{"start":{"line":42,"column":2},"end":{"line":42,"column":3}},"loc":{"start":{"line":42,"column":18},"end":{"line":46,"column":3}},"line":42},"2":{"name":"(anonymous_2)","decl":{"start":{"line":59,"column":2},"end":{"line":59,"column":3}},"loc":{"start":{"line":59,"column":17},"end":{"line":88,"column":3}},"line":59},"3":{"name":"(anonymous_3)","decl":{"start":{"line":100,"column":2},"end":{"line":100,"column":3}},"loc":{"start":{"line":100,"column":11},"end":{"line":171,"column":3}},"line":100}},"branchMap":{"0":{"loc":{"start":{"line":67,"column":4},"end":{"line":87,"column":5}},"type":"if","locations":[{"start":{"line":67,"column":4},"end":{"line":87,"column":5}},{"start":{"line":67,"column":4},"end":{"line":87,"column":5}}],"line":67},"1":{"loc":{"start":{"line":69,"column":11},"end":{"line":87,"column":5}},"type":"if","locations":[{"start":{"line":69,"column":11},"end":{"line":87,"column":5}},{"start":{"line":69,"column":11},"end":{"line":87,"column":5}}],"line":69},"2":{"loc":{"start":{"line":71,"column":11},"end":{"line":87,"column":5}},"type":"if","locations":[{"start":{"line":71,"column":11},"end":{"line":87,"column":5}},{"start":{"line":71,"column":11},"end":{"line":87,"column":5}}],"line":71},"3":{"loc":{"start":{"line":73,"column":11},"end":{"line":87,"column":5}},"type":"if","locations":[{"start":{"line":73,"column":11},"end":{"line":87,"column":5}},{"start":{"line":73,"column":11},"end":{"line":87,"column":5}}],"line":73}},"s":{"0":13,"1":13,"2":13,"3":13,"4":1,"5":5,"6":5,"7":5,"8":1,"9":4,"10":1,"11":3,"12":1,"13":2,"14":1,"15":1,"16":1,"17":19},"f":{"0":13,"1":1,"2":5,"3":19},"b":{"0":[1,4],"1":[1,3],"2":[1,2],"3":[1,1]},"_coverageSchema":"332fd63041d2c1bcb487cc26dd0d5f7d97098a6c","hash":"a4ddce780ac106d5e1422bac0a66d11977510c03"}
,"/Users/andeladeveloper/Desktop/post-it-app-2/client/components/index.jsx": {"path":"/Users/andeladeveloper/Desktop/post-it-app-2/client/components/index.jsx","statementMap":{"0":{"start":{"line":20,"column":2},"end":{"line":29,"column":4}},"1":{"start":{"line":23,"column":23},"end":{"line":27,"column":10}},"2":{"start":{"line":41,"column":2},"end":{"line":48,"column":4}},"3":{"start":{"line":44,"column":23},"end":{"line":46,"column":41}},"4":{"start":{"line":61,"column":4},"end":{"line":61,"column":17}},"5":{"start":{"line":62,"column":4},"end":{"line":64,"column":6}},"6":{"start":{"line":65,"column":4},"end":{"line":65,"column":45}},"7":{"start":{"line":77,"column":4},"end":{"line":77,"column":49}},"8":{"start":{"line":89,"column":4},"end":{"line":89,"column":52}},"9":{"start":{"line":102,"column":4},"end":{"line":104,"column":7}},"10":{"start":{"line":115,"column":4},"end":{"line":147,"column":6}},"11":{"start":{"line":144,"column":31},"end":{"line":144,"column":48}}},"fnMap":{"0":{"name":"PrivateRoute","decl":{"start":{"line":19,"column":9},"end":{"line":19,"column":21}},"loc":{"start":{"line":19,"column":74},"end":{"line":30,"column":1}},"line":19},"1":{"name":"(anonymous_1)","decl":{"start":{"line":23,"column":14},"end":{"line":23,"column":15}},"loc":{"start":{"line":23,"column":23},"end":{"line":27,"column":10}},"line":23},"2":{"name":"PublicRoute","decl":{"start":{"line":40,"column":9},"end":{"line":40,"column":20}},"loc":{"start":{"line":40,"column":73},"end":{"line":49,"column":1}},"line":40},"3":{"name":"(anonymous_3)","decl":{"start":{"line":44,"column":14},"end":{"line":44,"column":15}},"loc":{"start":{"line":44,"column":23},"end":{"line":46,"column":41}},"line":44},"4":{"name":"(anonymous_4)","decl":{"start":{"line":60,"column":2},"end":{"line":60,"column":3}},"loc":{"start":{"line":60,"column":21},"end":{"line":66,"column":3}},"line":60},"5":{"name":"(anonymous_5)","decl":{"start":{"line":76,"column":2},"end":{"line":76,"column":3}},"loc":{"start":{"line":76,"column":22},"end":{"line":78,"column":3}},"line":76},"6":{"name":"(anonymous_6)","decl":{"start":{"line":88,"column":2},"end":{"line":88,"column":3}},"loc":{"start":{"line":88,"column":25},"end":{"line":90,"column":3}},"line":88},"7":{"name":"(anonymous_7)","decl":{"start":{"line":101,"column":2},"end":{"line":101,"column":3}},"loc":{"start":{"line":101,"column":13},"end":{"line":105,"column":3}},"line":101},"8":{"name":"(anonymous_8)","decl":{"start":{"line":114,"column":2},"end":{"line":114,"column":3}},"loc":{"start":{"line":114,"column":11},"end":{"line":148,"column":3}},"line":114},"9":{"name":"(anonymous_9)","decl":{"start":{"line":144,"column":25},"end":{"line":144,"column":26}},"loc":{"start":{"line":144,"column":31},"end":{"line":144,"column":48}},"line":144}},"branchMap":{"0":{"loc":{"start":{"line":23,"column":23},"end":{"line":27,"column":10}},"type":"cond-expr","locations":[{"start":{"line":24,"column":10},"end":{"line":24,"column":34}},{"start":{"line":25,"column":10},"end":{"line":27,"column":10}}],"line":23},"1":{"loc":{"start":{"line":44,"column":23},"end":{"line":46,"column":41}},"type":"cond-expr","locations":[{"start":{"line":45,"column":10},"end":{"line":45,"column":34}},{"start":{"line":46,"column":10},"end":{"line":46,"column":41}}],"line":44}},"s":{"0":0,"1":0,"2":0,"3":0,"4":2,"5":2,"6":2,"7":0,"8":0,"9":0,"10":2,"11":0},"f":{"0":0,"1":0,"2":0,"3":0,"4":2,"5":0,"6":0,"7":0,"8":2,"9":0},"b":{"0":[0,0],"1":[0,0]},"_coverageSchema":"332fd63041d2c1bcb487cc26dd0d5f7d97098a6c","hash":"4bd3dce181217d3d803a4de7daf32eb4382f9e40"}
,"/Users/andeladeveloper/Desktop/post-it-app-2/client/components/protected/AddMember.jsx": {"path":"/Users/andeladeveloper/Desktop/post-it-app-2/client/components/protected/AddMember.jsx","statementMap":{"0":{"start":{"line":16,"column":4},"end":{"line":16,"column":17}},"1":{"start":{"line":17,"column":4},"end":{"line":21,"column":6}},"2":{"start":{"line":22,"column":4},"end":{"line":22,"column":45}},"3":{"start":{"line":23,"column":4},"end":{"line":23,"column":43}},"4":{"start":{"line":24,"column":4},"end":{"line":24,"column":57}},"5":{"start":{"line":40,"column":4},"end":{"line":42,"column":7}},"6":{"start":{"line":57,"column":4},"end":{"line":57,"column":27}},"7":{"start":{"line":58,"column":4},"end":{"line":64,"column":5}},"8":{"start":{"line":59,"column":6},"end":{"line":62,"column":9}},"9":{"start":{"line":63,"column":6},"end":{"line":63,"column":18}},"10":{"start":{"line":65,"column":17},"end":{"line":69,"column":5}},"11":{"start":{"line":70,"column":4},"end":{"line":85,"column":5}},"12":{"start":{"line":71,"column":6},"end":{"line":73,"column":9}},"13":{"start":{"line":74,"column":11},"end":{"line":85,"column":5}},"14":{"start":{"line":75,"column":6},"end":{"line":78,"column":9}},"15":{"start":{"line":80,"column":6},"end":{"line":80,"column":41}},"16":{"start":{"line":81,"column":6},"end":{"line":84,"column":9}},"17":{"start":{"line":97,"column":4},"end":{"line":103,"column":7}},"18":{"start":{"line":98,"column":6},"end":{"line":102,"column":7}},"19":{"start":{"line":99,"column":8},"end":{"line":99,"column":29}},"20":{"start":{"line":101,"column":8},"end":{"line":101,"column":20}},"21":{"start":{"line":104,"column":4},"end":{"line":104,"column":18}},"22":{"start":{"line":116,"column":4},"end":{"line":140,"column":6}}},"fnMap":{"0":{"name":"(anonymous_0)","decl":{"start":{"line":15,"column":2},"end":{"line":15,"column":3}},"loc":{"start":{"line":15,"column":21},"end":{"line":25,"column":3}},"line":15},"1":{"name":"(anonymous_1)","decl":{"start":{"line":39,"column":2},"end":{"line":39,"column":3}},"loc":{"start":{"line":39,"column":18},"end":{"line":43,"column":3}},"line":39},"2":{"name":"(anonymous_2)","decl":{"start":{"line":56,"column":2},"end":{"line":56,"column":3}},"loc":{"start":{"line":56,"column":17},"end":{"line":86,"column":3}},"line":56},"3":{"name":"(anonymous_3)","decl":{"start":{"line":95,"column":2},"end":{"line":95,"column":3}},"loc":{"start":{"line":95,"column":28},"end":{"line":105,"column":3}},"line":95},"4":{"name":"(anonymous_4)","decl":{"start":{"line":97,"column":43},"end":{"line":97,"column":44}},"loc":{"start":{"line":97,"column":53},"end":{"line":103,"column":5}},"line":97},"5":{"name":"(anonymous_5)","decl":{"start":{"line":115,"column":2},"end":{"line":115,"column":3}},"loc":{"start":{"line":115,"column":11},"end":{"line":141,"column":3}},"line":115}},"branchMap":{"0":{"loc":{"start":{"line":58,"column":4},"end":{"line":64,"column":5}},"type":"if","locations":[{"start":{"line":58,"column":4},"end":{"line":64,"column":5}},{"start":{"line":58,"column":4},"end":{"line":64,"column":5}}],"line":58},"1":{"loc":{"start":{"line":70,"column":4},"end":{"line":85,"column":5}},"type":"if","locations":[{"start":{"line":70,"column":4},"end":{"line":85,"column":5}},{"start":{"line":70,"column":4},"end":{"line":85,"column":5}}],"line":70},"2":{"loc":{"start":{"line":74,"column":11},"end":{"line":85,"column":5}},"type":"if","locations":[{"start":{"line":74,"column":11},"end":{"line":85,"column":5}},{"start":{"line":74,"column":11},"end":{"line":85,"column":5}}],"line":74},"3":{"loc":{"start":{"line":98,"column":6},"end":{"line":102,"column":7}},"type":"if","locations":[{"start":{"line":98,"column":6},"end":{"line":102,"column":7}},{"start":{"line":98,"column":6},"end":{"line":102,"column":7}}],"line":98}},"s":{"0":6,"1":6,"2":6,"3":6,"4":6,"5":1,"6":2,"7":2,"8":2,"9":2,"10":0,"11":0,"12":0,"13":0,"14":0,"15":0,"16":0,"17":0,"18":0,"19":0,"20":0,"21":0,"22":9},"f":{"0":6,"1":1,"2":2,"3":0,"4":0,"5":9},"b":{"0":[2,0],"1":[0,0],"2":[0,0],"3":[0,0]},"_coverageSchema":"332fd63041d2c1bcb487cc26dd0d5f7d97098a6c","hash":"7cdbe074b1ef46d14b53c1e4033eb8024ab84336"}
,"/Users/andeladeveloper/Desktop/post-it-app-2/client/components/protected/CreateGroup.jsx": {"path":"/Users/andeladeveloper/Desktop/post-it-app-2/client/components/protected/CreateGroup.jsx","statementMap":{"0":{"start":{"line":16,"column":4},"end":{"line":16,"column":17}},"1":{"start":{"line":17,"column":4},"end":{"line":20,"column":6}},"2":{"start":{"line":21,"column":4},"end":{"line":21,"column":45}},"3":{"start":{"line":22,"column":4},"end":{"line":22,"column":43}},"4":{"start":{"line":38,"column":4},"end":{"line":40,"column":7}},"5":{"start":{"line":54,"column":4},"end":{"line":54,"column":27}},"6":{"start":{"line":55,"column":18},"end":{"line":57,"column":5}},"7":{"start":{"line":58,"column":4},"end":{"line":69,"column":5}},"8":{"start":{"line":59,"column":6},"end":{"line":61,"column":9}},"9":{"start":{"line":63,"column":6},"end":{"line":63,"column":39}},"10":{"start":{"line":64,"column":6},"end":{"line":64,"column":26}},"11":{"start":{"line":65,"column":6},"end":{"line":68,"column":9}},"12":{"start":{"line":83,"column":4},"end":{"line":105,"column":6}}},"fnMap":{"0":{"name":"(anonymous_0)","decl":{"start":{"line":15,"column":2},"end":{"line":15,"column":3}},"loc":{"start":{"line":15,"column":21},"end":{"line":23,"column":3}},"line":15},"1":{"name":"(anonymous_1)","decl":{"start":{"line":37,"column":2},"end":{"line":37,"column":3}},"loc":{"start":{"line":37,"column":18},"end":{"line":41,"column":3}},"line":37},"2":{"name":"(anonymous_2)","decl":{"start":{"line":53,"column":2},"end":{"line":53,"column":3}},"loc":{"start":{"line":53,"column":17},"end":{"line":70,"column":3}},"line":53},"3":{"name":"(anonymous_3)","decl":{"start":{"line":82,"column":2},"end":{"line":82,"column":3}},"loc":{"start":{"line":82,"column":11},"end":{"line":106,"column":3}},"line":82}},"branchMap":{"0":{"loc":{"start":{"line":58,"column":4},"end":{"line":69,"column":5}},"type":"if","locations":[{"start":{"line":58,"column":4},"end":{"line":69,"column":5}},{"start":{"line":58,"column":4},"end":{"line":69,"column":5}}],"line":58}},"s":{"0":7,"1":7,"2":7,"3":7,"4":1,"5":2,"6":2,"7":2,"8":2,"9":0,"10":0,"11":0,"12":10},"f":{"0":7,"1":1,"2":2,"3":10},"b":{"0":[2,0]},"_coverageSchema":"332fd63041d2c1bcb487cc26dd0d5f7d97098a6c","hash":"1b9e8d759bc8da60a990c905cb96541815cfa9aa"}
,"/Users/andeladeveloper/Desktop/post-it-app-2/client/components/protected/Group.jsx": {"path":"/Users/andeladeveloper/Desktop/post-it-app-2/client/components/protected/Group.jsx","statementMap":{"0":{"start":{"line":16,"column":14},"end":{"line":30,"column":1}},"1":{"start":{"line":17,"column":18},"end":{"line":22,"column":3}},"2":{"start":{"line":18,"column":4},"end":{"line":18,"column":37}},"3":{"start":{"line":19,"column":4},"end":{"line":19,"column":41}},"4":{"start":{"line":20,"column":4},"end":{"line":20,"column":46}},"5":{"start":{"line":21,"column":4},"end":{"line":21,"column":31}},"6":{"start":{"line":23,"column":2},"end":{"line":29,"column":4}}},"fnMap":{"0":{"name":"(anonymous_0)","decl":{"start":{"line":16,"column":14},"end":{"line":16,"column":15}},"loc":{"start":{"line":16,"column":29},"end":{"line":30,"column":1}},"line":16},"1":{"name":"(anonymous_1)","decl":{"start":{"line":17,"column":18},"end":{"line":17,"column":19}},"loc":{"start":{"line":17,"column":24},"end":{"line":22,"column":3}},"line":17}},"branchMap":{},"s":{"0":4,"1":1,"2":1,"3":1,"4":1,"5":1,"6":1},"f":{"0":1,"1":1},"b":{},"_coverageSchema":"332fd63041d2c1bcb487cc26dd0d5f7d97098a6c","hash":"3ab96e9503c0ffe61e848622cda85bab436c0792"}
,"/Users/andeladeveloper/Desktop/post-it-app-2/client/components/protected/GroupList.jsx": {"path":"/Users/andeladeveloper/Desktop/post-it-app-2/client/components/protected/GroupList.jsx","statementMap":{"0":{"start":{"line":16,"column":4},"end":{"line":16,"column":17}},"1":{"start":{"line":17,"column":4},"end":{"line":19,"column":6}},"2":{"start":{"line":20,"column":4},"end":{"line":20,"column":49}},"3":{"start":{"line":21,"column":4},"end":{"line":21,"column":47}},"4":{"start":{"line":25,"column":4},"end":{"line":25,"column":46}},"5":{"start":{"line":28,"column":4},"end":{"line":28,"column":45}},"6":{"start":{"line":31,"column":17},"end":{"line":31,"column":21}},"7":{"start":{"line":32,"column":4},"end":{"line":36,"column":5}},"8":{"start":{"line":33,"column":6},"end":{"line":33,"column":78}},"9":{"start":{"line":35,"column":6},"end":{"line":35,"column":75}},"10":{"start":{"line":37,"column":23},"end":{"line":39,"column":8}},"11":{"start":{"line":38,"column":6},"end":{"line":38,"column":37}},"12":{"start":{"line":40,"column":4},"end":{"line":65,"column":6}}},"fnMap":{"0":{"name":"(anonymous_0)","decl":{"start":{"line":15,"column":2},"end":{"line":15,"column":3}},"loc":{"start":{"line":15,"column":21},"end":{"line":22,"column":3}},"line":15},"1":{"name":"(anonymous_1)","decl":{"start":{"line":24,"column":2},"end":{"line":24,"column":3}},"loc":{"start":{"line":24,"column":15},"end":{"line":26,"column":3}},"line":24},"2":{"name":"(anonymous_2)","decl":{"start":{"line":27,"column":2},"end":{"line":27,"column":3}},"loc":{"start":{"line":27,"column":14},"end":{"line":29,"column":3}},"line":27},"3":{"name":"(anonymous_3)","decl":{"start":{"line":30,"column":2},"end":{"line":30,"column":3}},"loc":{"start":{"line":30,"column":11},"end":{"line":66,"column":3}},"line":30},"4":{"name":"(anonymous_4)","decl":{"start":{"line":37,"column":55},"end":{"line":37,"column":56}},"loc":{"start":{"line":38,"column":6},"end":{"line":38,"column":37}},"line":38}},"branchMap":{"0":{"loc":{"start":{"line":32,"column":4},"end":{"line":36,"column":5}},"type":"if","locations":[{"start":{"line":32,"column":4},"end":{"line":36,"column":5}},{"start":{"line":32,"column":4},"end":{"line":36,"column":5}}],"line":32}},"s":{"0":3,"1":3,"2":3,"3":3,"4":0,"5":0,"6":3,"7":3,"8":3,"9":0,"10":3,"11":0,"12":3},"f":{"0":3,"1":0,"2":0,"3":3,"4":0},"b":{"0":[3,0]},"_coverageSchema":"332fd63041d2c1bcb487cc26dd0d5f7d97098a6c","hash":"96f82532ec0cdf9a105243ee26c675e1d2fcb476"}
,"/Users/andeladeveloper/Desktop/post-it-app-2/client/components/protected/Message.jsx": {"path":"/Users/andeladeveloper/Desktop/post-it-app-2/client/components/protected/Message.jsx","statementMap":{"0":{"start":{"line":3,"column":16},"end":{"line":25,"column":5}},"1":{"start":{"line":4,"column":2},"end":{"line":24,"column":8}}},"fnMap":{"0":{"name":"(anonymous_0)","decl":{"start":{"line":3,"column":16},"end":{"line":3,"column":17}},"loc":{"start":{"line":4,"column":2},"end":{"line":24,"column":8}},"line":4}},"branchMap":{},"s":{"0":4,"1":3},"f":{"0":3},"b":{},"_coverageSchema":"332fd63041d2c1bcb487cc26dd0d5f7d97098a6c","hash":"9f24302e01e66db36ff868aaa49fea537cfb78ba"}
,"/Users/andeladeveloper/Desktop/post-it-app-2/client/components/protected/MessageBoard.jsx": {"path":"/Users/andeladeveloper/Desktop/post-it-app-2/client/components/protected/MessageBoard.jsx","statementMap":{"0":{"start":{"line":20,"column":4},"end":{"line":20,"column":17}},"1":{"start":{"line":21,"column":4},"end":{"line":30,"column":6}},"2":{"start":{"line":31,"column":4},"end":{"line":31,"column":45}},"3":{"start":{"line":43,"column":4},"end":{"line":43,"column":24}},"4":{"start":{"line":44,"column":4},"end":{"line":44,"column":19}},"5":{"start":{"line":45,"column":4},"end":{"line":45,"column":49}},"6":{"start":{"line":57,"column":4},"end":{"line":57,"column":52}},"7":{"start":{"line":72,"column":4},"end":{"line":80,"column":7}},"8":{"start":{"line":94,"column":4},"end":{"line":115,"column":6}}},"fnMap":{"0":{"name":"(anonymous_0)","decl":{"start":{"line":19,"column":2},"end":{"line":19,"column":3}},"loc":{"start":{"line":19,"column":21},"end":{"line":32,"column":3}},"line":19},"1":{"name":"(anonymous_1)","decl":{"start":{"line":42,"column":2},"end":{"line":42,"column":3}},"loc":{"start":{"line":42,"column":22},"end":{"line":46,"column":3}},"line":42},"2":{"name":"(anonymous_2)","decl":{"start":{"line":56,"column":2},"end":{"line":56,"column":3}},"loc":{"start":{"line":56,"column":25},"end":{"line":58,"column":3}},"line":56},"3":{"name":"(anonymous_3)","decl":{"start":{"line":71,"column":2},"end":{"line":71,"column":3}},"loc":{"start":{"line":71,"column":13},"end":{"line":81,"column":3}},"line":71},"4":{"name":"(anonymous_4)","decl":{"start":{"line":93,"column":2},"end":{"line":93,"column":3}},"loc":{"start":{"line":93,"column":11},"end":{"line":116,"column":3}},"line":93}},"branchMap":{},"s":{"0":1,"1":1,"2":1,"3":0,"4":0,"5":0,"6":0,"7":0,"8":1},"f":{"0":1,"1":0,"2":0,"3":0,"4":1},"b":{},"_coverageSchema":"332fd63041d2c1bcb487cc26dd0d5f7d97098a6c","hash":"346c82859234098bbd35cba458c1006c2d75da31"}
,"/Users/andeladeveloper/Desktop/post-it-app-2/client/components/protected/MessageBox.jsx": {"path":"/Users/andeladeveloper/Desktop/post-it-app-2/client/components/protected/MessageBox.jsx","statementMap":{"0":{"start":{"line":15,"column":4},"end":{"line":15,"column":17}},"1":{"start":{"line":16,"column":4},"end":{"line":20,"column":6}},"2":{"start":{"line":21,"column":4},"end":{"line":21,"column":45}},"3":{"start":{"line":22,"column":4},"end":{"line":22,"column":43}},"4":{"start":{"line":38,"column":4},"end":{"line":40,"column":7}},"5":{"start":{"line":54,"column":4},"end":{"line":54,"column":27}},"6":{"start":{"line":55,"column":4},"end":{"line":81,"column":5}},"7":{"start":{"line":56,"column":6},"end":{"line":59,"column":9}},"8":{"start":{"line":60,"column":11},"end":{"line":81,"column":5}},"9":{"start":{"line":61,"column":6},"end":{"line":63,"column":9}},"10":{"start":{"line":64,"column":11},"end":{"line":81,"column":5}},"11":{"start":{"line":65,"column":6},"end":{"line":67,"column":9}},"12":{"start":{"line":69,"column":22},"end":{"line":75,"column":7}},"13":{"start":{"line":76,"column":6},"end":{"line":76,"column":40}},"14":{"start":{"line":77,"column":6},"end":{"line":80,"column":9}},"15":{"start":{"line":94,"column":4},"end":{"line":133,"column":6}}},"fnMap":{"0":{"name":"(anonymous_0)","decl":{"start":{"line":14,"column":2},"end":{"line":14,"column":3}},"loc":{"start":{"line":14,"column":21},"end":{"line":23,"column":3}},"line":14},"1":{"name":"(anonymous_1)","decl":{"start":{"line":37,"column":2},"end":{"line":37,"column":3}},"loc":{"start":{"line":37,"column":18},"end":{"line":41,"column":3}},"line":37},"2":{"name":"(anonymous_2)","decl":{"start":{"line":53,"column":2},"end":{"line":53,"column":3}},"loc":{"start":{"line":53,"column":17},"end":{"line":82,"column":3}},"line":53},"3":{"name":"(anonymous_3)","decl":{"start":{"line":93,"column":2},"end":{"line":93,"column":3}},"loc":{"start":{"line":93,"column":11},"end":{"line":134,"column":3}},"line":93}},"branchMap":{"0":{"loc":{"start":{"line":55,"column":4},"end":{"line":81,"column":5}},"type":"if","locations":[{"start":{"line":55,"column":4},"end":{"line":81,"column":5}},{"start":{"line":55,"column":4},"end":{"line":81,"column":5}}],"line":55},"1":{"loc":{"start":{"line":60,"column":11},"end":{"line":81,"column":5}},"type":"if","locations":[{"start":{"line":60,"column":11},"end":{"line":81,"column":5}},{"start":{"line":60,"column":11},"end":{"line":81,"column":5}}],"line":60},"2":{"loc":{"start":{"line":64,"column":11},"end":{"line":81,"column":5}},"type":"if","locations":[{"start":{"line":64,"column":11},"end":{"line":81,"column":5}},{"start":{"line":64,"column":11},"end":{"line":81,"column":5}}],"line":64}},"s":{"0":3,"1":3,"2":3,"3":3,"4":1,"5":3,"6":3,"7":3,"8":0,"9":0,"10":0,"11":0,"12":0,"13":0,"14":0,"15":7},"f":{"0":3,"1":1,"2":3,"3":7},"b":{"0":[3,0],"1":[0,0],"2":[0,0]},"_coverageSchema":"332fd63041d2c1bcb487cc26dd0d5f7d97098a6c","hash":"8b0c4e3f6c333c2831f44279671c6bba68c4fd63"}
,"/Users/andeladeveloper/Desktop/post-it-app-2/client/components/protected/MessageList.jsx": {"path":"/Users/andeladeveloper/Desktop/post-it-app-2/client/components/protected/MessageList.jsx","statementMap":{"0":{"start":{"line":19,"column":4},"end":{"line":19,"column":17}},"1":{"start":{"line":20,"column":4},"end":{"line":22,"column":6}},"2":{"start":{"line":23,"column":4},"end":{"line":23,"column":51}},"3":{"start":{"line":24,"column":4},"end":{"line":24,"column":49}},"4":{"start":{"line":27,"column":4},"end":{"line":27,"column":42}},"5":{"start":{"line":30,"column":4},"end":{"line":30,"column":41}},"6":{"start":{"line":33,"column":23},"end":{"line":33,"column":27}},"7":{"start":{"line":34,"column":20},"end":{"line":34,"column":24}},"8":{"start":{"line":35,"column":4},"end":{"line":52,"column":5}},"9":{"start":{"line":36,"column":6},"end":{"line":37,"column":23}},"10":{"start":{"line":38,"column":11},"end":{"line":52,"column":5}},"11":{"start":{"line":39,"column":6},"end":{"line":40,"column":22}},"12":{"start":{"line":42,"column":6},"end":{"line":43,"column":20}},"13":{"start":{"line":44,"column":6},"end":{"line":51,"column":11}},"14":{"start":{"line":45,"column":8},"end":{"line":50,"column":10}},"15":{"start":{"line":53,"column":4},"end":{"line":76,"column":6}}},"fnMap":{"0":{"name":"(anonymous_0)","decl":{"start":{"line":18,"column":2},"end":{"line":18,"column":3}},"loc":{"start":{"line":18,"column":21},"end":{"line":25,"column":3}},"line":18},"1":{"name":"(anonymous_1)","decl":{"start":{"line":26,"column":2},"end":{"line":26,"column":3}},"loc":{"start":{"line":26,"column":16},"end":{"line":28,"column":3}},"line":26},"2":{"name":"(anonymous_2)","decl":{"start":{"line":29,"column":2},"end":{"line":29,"column":3}},"loc":{"start":{"line":29,"column":15},"end":{"line":31,"column":3}},"line":29},"3":{"name":"(anonymous_3)","decl":{"start":{"line":32,"column":2},"end":{"line":32,"column":3}},"loc":{"start":{"line":32,"column":11},"end":{"line":77,"column":3}},"line":32},"4":{"name":"(anonymous_4)","decl":{"start":{"line":44,"column":57},"end":{"line":44,"column":58}},"loc":{"start":{"line":45,"column":8},"end":{"line":50,"column":10}},"line":45}},"branchMap":{"0":{"loc":{"start":{"line":35,"column":4},"end":{"line":52,"column":5}},"type":"if","locations":[{"start":{"line":35,"column":4},"end":{"line":52,"column":5}},{"start":{"line":35,"column":4},"end":{"line":52,"column":5}}],"line":35},"1":{"loc":{"start":{"line":38,"column":11},"end":{"line":52,"column":5}},"type":"if","locations":[{"start":{"line":38,"column":11},"end":{"line":52,"column":5}},{"start":{"line":38,"column":11},"end":{"line":52,"column":5}}],"line":38}},"s":{"0":1,"1":1,"2":1,"3":1,"4":0,"5":0,"6":1,"7":1,"8":1,"9":1,"10":0,"11":0,"12":0,"13":0,"14":0,"15":1},"f":{"0":1,"1":0,"2":0,"3":1,"4":0},"b":{"0":[1,0],"1":[0,0]},"_coverageSchema":"332fd63041d2c1bcb487cc26dd0d5f7d97098a6c","hash":"2bcdad7d7272d069e0297f61c1c834809c2248e0"}
,"/Users/andeladeveloper/Desktop/post-it-app-2/client/components/protected/User.jsx": {"path":"/Users/andeladeveloper/Desktop/post-it-app-2/client/components/protected/User.jsx","statementMap":{"0":{"start":{"line":13,"column":13},"end":{"line":19,"column":3}},"1":{"start":{"line":15,"column":4},"end":{"line":18,"column":10}}},"fnMap":{"0":{"name":"(anonymous_0)","decl":{"start":{"line":13,"column":13},"end":{"line":13,"column":14}},"loc":{"start":{"line":15,"column":4},"end":{"line":18,"column":10}},"line":15}},"branchMap":{},"s":{"0":4,"1":2},"f":{"0":2},"b":{},"_coverageSchema":"332fd63041d2c1bcb487cc26dd0d5f7d97098a6c","hash":"ca3fd33e75526f3fc23e678c720b9c0560a4cb68"}
,"/Users/andeladeveloper/Desktop/post-it-app-2/client/components/protected/UserList.jsx": {"path":"/Users/andeladeveloper/Desktop/post-it-app-2/client/components/protected/UserList.jsx","statementMap":{"0":{"start":{"line":12,"column":17},"end":{"line":24,"column":1}},"1":{"start":{"line":13,"column":20},"end":{"line":15,"column":6}},"2":{"start":{"line":14,"column":4},"end":{"line":14,"column":32}},"3":{"start":{"line":16,"column":2},"end":{"line":23,"column":4}}},"fnMap":{"0":{"name":"(anonymous_0)","decl":{"start":{"line":12,"column":17},"end":{"line":12,"column":18}},"loc":{"start":{"line":12,"column":32},"end":{"line":24,"column":1}},"line":12},"1":{"name":"(anonymous_1)","decl":{"start":{"line":13,"column":30},"end":{"line":13,"column":31}},"loc":{"start":{"line":14,"column":4},"end":{"line":14,"column":32}},"line":14}},"branchMap":{},"s":{"0":3,"1":1,"2":1,"3":1},"f":{"0":1,"1":1},"b":{},"_coverageSchema":"332fd63041d2c1bcb487cc26dd0d5f7d97098a6c","hash":"3084ab01309175c6701523422ca594172d360cf3"}
,"/Users/andeladeveloper/Desktop/post-it-app-2/client/components/protected/WelcomeHeader.jsx": {"path":"/Users/andeladeveloper/Desktop/post-it-app-2/client/components/protected/WelcomeHeader.jsx","statementMap":{"0":{"start":{"line":14,"column":22},"end":{"line":20,"column":1}},"1":{"start":{"line":15,"column":2},"end":{"line":19,"column":4}}},"fnMap":{"0":{"name":"(anonymous_0)","decl":{"start":{"line":14,"column":22},"end":{"line":14,"column":23}},"loc":{"start":{"line":14,"column":36},"end":{"line":20,"column":1}},"line":14}},"branchMap":{},"s":{"0":2,"1":0},"f":{"0":0},"b":{},"_coverageSchema":"332fd63041d2c1bcb487cc26dd0d5f7d97098a6c","hash":"e1e4feaf363e921d972d5f2a4f55ebc19c5176e7"}
,"/Users/andeladeveloper/Desktop/post-it-app-2/client/constants/PostItConstants.js": {"path":"/Users/andeladeveloper/Desktop/post-it-app-2/client/constants/PostItConstants.js","statementMap":{"0":{"start":{"line":1,"column":0},"end":{"line":22,"column":2}}},"fnMap":{},"branchMap":{},"s":{"0":32},"f":{},"b":{},"_coverageSchema":"332fd63041d2c1bcb487cc26dd0d5f7d97098a6c","hash":"a32b366b353c687b40a230860f0769420479560d"}
,"/Users/andeladeveloper/Desktop/post-it-app-2/client/dispatcher/PostItDispatcher.js": {"path":"/Users/andeladeveloper/Desktop/post-it-app-2/client/dispatcher/PostItDispatcher.js","statementMap":{"0":{"start":{"line":4,"column":25},"end":{"line":12,"column":2}},"1":{"start":{"line":6,"column":20},"end":{"line":9,"column":5}},"2":{"start":{"line":10,"column":4},"end":{"line":10,"column":27}}},"fnMap":{},"branchMap":{},"s":{"0":19,"1":24,"2":24},"f":{},"b":{},"_coverageSchema":"332fd63041d2c1bcb487cc26dd0d5f7d97098a6c","hash":"3ea55bed9ae5d8c18424c3699ff2a738094ab8da"}
,"/Users/andeladeveloper/Desktop/post-it-app-2/client/stores/PostItStore.js": {"path":"/Users/andeladeveloper/Desktop/post-it-app-2/client/stores/PostItStore.js","statementMap":{"0":{"start":{"line":9,"column":19},"end":{"line":9,"column":21}},"1":{"start":{"line":10,"column":12},"end":{"line":10,"column":14}},"2":{"start":{"line":11,"column":17},"end":{"line":11,"column":19}},"3":{"start":{"line":12,"column":16},"end":{"line":12,"column":18}},"4":{"start":{"line":13,"column":19},"end":{"line":13,"column":21}},"5":{"start":{"line":14,"column":13},"end":{"line":14,"column":15}},"6":{"start":{"line":15,"column":14},"end":{"line":15,"column":16}},"7":{"start":{"line":16,"column":19},"end":{"line":16,"column":21}},"8":{"start":{"line":17,"column":19},"end":{"line":17,"column":21}},"9":{"start":{"line":18,"column":22},"end":{"line":18,"column":24}},"10":{"start":{"line":19,"column":22},"end":{"line":19,"column":27}},"11":{"start":{"line":22,"column":20},"end":{"line":133,"column":2}},"12":{"start":{"line":25,"column":4},"end":{"line":25,"column":28}},"13":{"start":{"line":29,"column":4},"end":{"line":29,"column":28}},"14":{"start":{"line":30,"column":4},"end":{"line":30,"column":28}},"15":{"start":{"line":34,"column":4},"end":{"line":34,"column":28}},"16":{"start":{"line":38,"column":4},"end":{"line":38,"column":19}},"17":{"start":{"line":42,"column":4},"end":{"line":42,"column":22}},"18":{"start":{"line":45,"column":4},"end":{"line":45,"column":27}},"19":{"start":{"line":48,"column":4},"end":{"line":48,"column":19}},"20":{"start":{"line":51,"column":4},"end":{"line":51,"column":18}},"21":{"start":{"line":54,"column":4},"end":{"line":54,"column":25}},"22":{"start":{"line":58,"column":4},"end":{"line":58,"column":21}},"23":{"start":{"line":62,"column":4},"end":{"line":62,"column":24}},"24":{"start":{"line":66,"column":4},"end":{"line":66,"column":27}},"25":{"start":{"line":70,"column":4},"end":{"line":70,"column":24}},"26":{"start":{"line":73,"column":4},"end":{"line":73,"column":17}},"27":{"start":{"line":77,"column":4},"end":{"line":77,"column":19}},"28":{"start":{"line":80,"column":4},"end":{"line":80,"column":24}},"29":{"start":{"line":83,"column":4},"end":{"line":83,"column":28}},"30":{"start":{"line":86,"column":4},"end":{"line":86,"column":31}},"31":{"start":{"line":89,"column":4},"end":{"line":89,"column":28}},"32":{"start":{"line":92,"column":4},"end":{"line":92,"column":24}},"33":{"start":{"line":95,"column":4},"end":{"line":95,"column":22}},"34":{"start":{"line":99,"column":4},"end":{"line":99,"column":24}},"35":{"start":{"line":103,"column":4},"end":{"line":103,"column":21}},"36":{"start":{"line":107,"column":4},"end":{"line":107,"column":24}},"37":{"start":{"line":111,"column":4},"end":{"line":111,"column":17}},"38":{"start":{"line":114,"column":4},"end":{"line":114,"column":24}},"39":{"start":{"line":118,"column":4},"end":{"line":118,"column":24}},"40":{"start":{"line":119,"column":4},"end":{"line":119,"column":30}},"41":{"start":{"line":123,"column":4},"end":{"line":123,"column":24}},"42":{"start":{"line":127,"column":4},"end":{"line":127,"column":32}},"43":{"start":{"line":131,"column":4},"end":{"line":131,"column":44}},"44":{"start":{"line":135,"column":0},"end":{"line":245,"column":3}},"45":{"start":{"line":136,"column":17},"end":{"line":136,"column":31}},"46":{"start":{"line":137,"column":2},"end":{"line":243,"column":3}},"47":{"start":{"line":139,"column":6},"end":{"line":139,"column":39}},"48":{"start":{"line":140,"column":6},"end":{"line":140,"column":39}},"49":{"start":{"line":141,"column":6},"end":{"line":141,"column":12}},"50":{"start":{"line":144,"column":6},"end":{"line":144,"column":34}},"51":{"start":{"line":145,"column":6},"end":{"line":145,"column":39}},"52":{"start":{"line":146,"column":6},"end":{"line":146,"column":12}},"53":{"start":{"line":149,"column":6},"end":{"line":149,"column":39}},"54":{"start":{"line":150,"column":6},"end":{"line":150,"column":39}},"55":{"start":{"line":151,"column":6},"end":{"line":151,"column":12}},"56":{"start":{"line":154,"column":6},"end":{"line":154,"column":37}},"57":{"start":{"line":155,"column":6},"end":{"line":155,"column":39}},"58":{"start":{"line":156,"column":6},"end":{"line":156,"column":12}},"59":{"start":{"line":159,"column":6},"end":{"line":159,"column":38}},"60":{"start":{"line":160,"column":6},"end":{"line":160,"column":39}},"61":{"start":{"line":161,"column":6},"end":{"line":161,"column":12}},"62":{"start":{"line":164,"column":6},"end":{"line":164,"column":45}},"63":{"start":{"line":165,"column":6},"end":{"line":165,"column":38}},"64":{"start":{"line":166,"column":6},"end":{"line":166,"column":39}},"65":{"start":{"line":167,"column":6},"end":{"line":167,"column":12}},"66":{"start":{"line":170,"column":6},"end":{"line":170,"column":24}},"67":{"start":{"line":171,"column":6},"end":{"line":171,"column":32}},"68":{"start":{"line":172,"column":6},"end":{"line":172,"column":39}},"69":{"start":{"line":173,"column":6},"end":{"line":173,"column":12}},"70":{"start":{"line":176,"column":6},"end":{"line":176,"column":37}},"71":{"start":{"line":177,"column":6},"end":{"line":177,"column":39}},"72":{"start":{"line":178,"column":6},"end":{"line":178,"column":12}},"73":{"start":{"line":180,"column":6},"end":{"line":180,"column":43}},"74":{"start":{"line":181,"column":6},"end":{"line":181,"column":44}},"75":{"start":{"line":182,"column":6},"end":{"line":182,"column":39}},"76":{"start":{"line":183,"column":6},"end":{"line":183,"column":12}},"77":{"start":{"line":185,"column":6},"end":{"line":185,"column":40}},"78":{"start":{"line":187,"column":6},"end":{"line":187,"column":39}},"79":{"start":{"line":188,"column":6},"end":{"line":188,"column":12}},"80":{"start":{"line":191,"column":6},"end":{"line":191,"column":26}},"81":{"start":{"line":192,"column":6},"end":{"line":192,"column":47}},"82":{"start":{"line":193,"column":6},"end":{"line":193,"column":39}},"83":{"start":{"line":194,"column":6},"end":{"line":194,"column":12}},"84":{"start":{"line":197,"column":6},"end":{"line":197,"column":41}},"85":{"start":{"line":198,"column":6},"end":{"line":198,"column":39}},"86":{"start":{"line":199,"column":6},"end":{"line":199,"column":12}},"87":{"start":{"line":202,"column":6},"end":{"line":202,"column":38}},"88":{"start":{"line":203,"column":6},"end":{"line":203,"column":39}},"89":{"start":{"line":204,"column":6},"end":{"line":204,"column":12}},"90":{"start":{"line":207,"column":6},"end":{"line":207,"column":43}},"91":{"start":{"line":208,"column":6},"end":{"line":208,"column":39}},"92":{"start":{"line":209,"column":6},"end":{"line":209,"column":12}},"93":{"start":{"line":212,"column":6},"end":{"line":212,"column":55}},"94":{"start":{"line":213,"column":6},"end":{"line":213,"column":39}},"95":{"start":{"line":214,"column":6},"end":{"line":214,"column":12}},"96":{"start":{"line":217,"column":6},"end":{"line":217,"column":49}},"97":{"start":{"line":218,"column":6},"end":{"line":218,"column":39}},"98":{"start":{"line":219,"column":6},"end":{"line":219,"column":12}},"99":{"start":{"line":222,"column":6},"end":{"line":222,"column":43}},"100":{"start":{"line":223,"column":6},"end":{"line":223,"column":69}},"101":{"start":{"line":224,"column":6},"end":{"line":224,"column":39}},"102":{"start":{"line":225,"column":6},"end":{"line":225,"column":12}},"103":{"start":{"line":228,"column":6},"end":{"line":228,"column":47}},"104":{"start":{"line":229,"column":6},"end":{"line":229,"column":39}},"105":{"start":{"line":230,"column":6},"end":{"line":230,"column":12}},"106":{"start":{"line":233,"column":6},"end":{"line":233,"column":49}},"107":{"start":{"line":234,"column":6},"end":{"line":234,"column":39}},"108":{"start":{"line":235,"column":6},"end":{"line":235,"column":12}},"109":{"start":{"line":238,"column":6},"end":{"line":238,"column":42}},"110":{"start":{"line":239,"column":6},"end":{"line":239,"column":39}},"111":{"start":{"line":240,"column":6},"end":{"line":240,"column":12}},"112":{"start":{"line":244,"column":2},"end":{"line":244,"column":14}}},"fnMap":{"0":{"name":"(anonymous_0)","decl":{"start":{"line":135,"column":26},"end":{"line":135,"column":27}},"loc":{"start":{"line":135,"column":39},"end":{"line":245,"column":1}},"line":135}},"branchMap":{"0":{"loc":{"start":{"line":137,"column":2},"end":{"line":243,"column":3}},"type":"switch","locations":[{"start":{"line":138,"column":4},"end":{"line":141,"column":12}},{"start":{"line":143,"column":4},"end":{"line":146,"column":12}},{"start":{"line":148,"column":4},"end":{"line":151,"column":12}},{"start":{"line":153,"column":4},"end":{"line":156,"column":12}},{"start":{"line":158,"column":4},"end":{"line":161,"column":12}},{"start":{"line":163,"column":4},"end":{"line":167,"column":12}},{"start":{"line":169,"column":4},"end":{"line":173,"column":12}},{"start":{"line":175,"column":4},"end":{"line":178,"column":12}},{"start":{"line":179,"column":4},"end":{"line":183,"column":12}},{"start":{"line":184,"column":4},"end":{"line":188,"column":12}},{"start":{"line":190,"column":4},"end":{"line":194,"column":12}},{"start":{"line":196,"column":4},"end":{"line":199,"column":12}},{"start":{"line":201,"column":4},"end":{"line":204,"column":12}},{"start":{"line":206,"column":4},"end":{"line":209,"column":12}},{"start":{"line":211,"column":4},"end":{"line":214,"column":12}},{"start":{"line":216,"column":4},"end":{"line":219,"column":12}},{"start":{"line":221,"column":4},"end":{"line":225,"column":12}},{"start":{"line":227,"column":4},"end":{"line":230,"column":12}},{"start":{"line":232,"column":4},"end":{"line":235,"column":12}},{"start":{"line":237,"column":4},"end":{"line":240,"column":12}},{"start":{"line":242,"column":4},"end":{"line":242,"column":12}}],"line":137}},"s":{"0":26,"1":26,"2":26,"3":26,"4":26,"5":26,"6":26,"7":26,"8":26,"9":26,"10":26,"11":26,"12":2,"13":1,"14":1,"15":2,"16":5,"17":1,"18":0,"19":0,"20":1,"21":9,"22":1,"23":3,"24":3,"25":3,"26":2,"27":1,"28":1,"29":0,"30":1,"31":0,"32":1,"33":8,"34":1,"35":1,"36":1,"37":1,"38":0,"39":1,"40":1,"41":25,"42":1,"43":1,"44":26,"45":25,"46":25,"47":1,"48":1,"49":1,"50":1,"51":1,"52":1,"53":1,"54":1,"55":1,"56":1,"57":1,"58":1,"59":1,"60":1,"61":1,"62":1,"63":1,"64":1,"65":1,"66":1,"67":1,"68":1,"69":1,"70":1,"71":1,"72":1,"73":1,"74":1,"75":1,"76":1,"77":1,"78":1,"79":1,"80":1,"81":1,"82":1,"83":1,"84":1,"85":1,"86":1,"87":1,"88":1,"89":1,"90":1,"91":1,"92":1,"93":1,"94":1,"95":1,"96":1,"97":1,"98":1,"99":1,"100":1,"101":1,"102":1,"103":5,"104":5,"105":5,"106":2,"107":2,"108":2,"109":0,"110":0,"111":0,"112":25},"f":{"0":25},"b":{"0":[1,1,1,1,1,1,1,1,1,1,1,1,1,1,1,1,1,5,2,0,1]},"_coverageSchema":"332fd63041d2c1bcb487cc26dd0d5f7d97098a6c","hash":"79a08866743f3003b5c9e48e13468265a1069ab4"}
,"/Users/andeladeveloper/Desktop/post-it-app-2/client/utils/setAuthorizationToken.js": {"path":"/Users/andeladeveloper/Desktop/post-it-app-2/client/utils/setAuthorizationToken.js","statementMap":{"0":{"start":{"line":12,"column":2},"end":{"line":16,"column":3}},"1":{"start":{"line":13,"column":4},"end":{"line":13,"column":56}},"2":{"start":{"line":15,"column":4},"end":{"line":15,"column":55}}},"fnMap":{"0":{"name":"setAuthorizationToken","decl":{"start":{"line":11,"column":24},"end":{"line":11,"column":45}},"loc":{"start":{"line":11,"column":53},"end":{"line":17,"column":1}},"line":11}},"branchMap":{"0":{"loc":{"start":{"line":12,"column":2},"end":{"line":16,"column":3}},"type":"if","locations":[{"start":{"line":12,"column":2},"end":{"line":16,"column":3}},{"start":{"line":12,"column":2},"end":{"line":16,"column":3}}],"line":12}},"s":{"0":0,"1":0,"2":0},"f":{"0":0},"b":{"0":[0,0]},"_coverageSchema":"332fd63041d2c1bcb487cc26dd0d5f7d97098a6c","hash":"48e21bab91221d0af1697acf9e42fdc228ea2fd4"}
,"/Users/andeladeveloper/Desktop/post-it-app-2/server/app/config/database.js": {"path":"/Users/andeladeveloper/Desktop/post-it-app-2/server/app/config/database.js","statementMap":{"0":{"start":{"line":1,"column":0},"end":{"line":1,"column":27}},"1":{"start":{"line":3,"column":15},"end":{"line":10,"column":1}}},"fnMap":{},"branchMap":{},"s":{"0":2,"1":2},"f":{},"b":{},"_coverageSchema":"332fd63041d2c1bcb487cc26dd0d5f7d97098a6c","hash":"128bb609727ea88d62f0cf67ac9e6c5b10513c8a"}
}
