{"/Users/andeladeveloper/Desktop/post-it-app-2/client/Api/index.js": {"path":"/Users/andeladeveloper/Desktop/post-it-app-2/client/Api/index.js","statementMap":{"0":{"start":{"line":12,"column":31},"end":{"line":27,"column":1}},"1":{"start":{"line":13,"column":2},"end":{"line":26,"column":5}},"2":{"start":{"line":20,"column":4},"end":{"line":20,"column":56}},"3":{"start":{"line":21,"column":4},"end":{"line":21,"column":42}},"4":{"start":{"line":24,"column":4},"end":{"line":24,"column":61}},"5":{"start":{"line":25,"column":4},"end":{"line":25,"column":46}},"6":{"start":{"line":34,"column":26},"end":{"line":46,"column":1}},"7":{"start":{"line":35,"column":2},"end":{"line":45,"column":7}},"8":{"start":{"line":40,"column":6},"end":{"line":40,"column":60}},"9":{"start":{"line":41,"column":6},"end":{"line":41,"column":44}},"10":{"start":{"line":44,"column":6},"end":{"line":44,"column":48}},"11":{"start":{"line":52,"column":27},"end":{"line":62,"column":1}},"12":{"start":{"line":53,"column":2},"end":{"line":61,"column":7}},"13":{"start":{"line":55,"column":6},"end":{"line":55,"column":58}},"14":{"start":{"line":56,"column":6},"end":{"line":56,"column":38}},"15":{"start":{"line":57,"column":6},"end":{"line":57,"column":44}},"16":{"start":{"line":60,"column":6},"end":{"line":60,"column":63}},"17":{"start":{"line":68,"column":27},"end":{"line":77,"column":1}},"18":{"start":{"line":69,"column":2},"end":{"line":76,"column":9}},"19":{"start":{"line":71,"column":6},"end":{"line":71,"column":60}},"20":{"start":{"line":72,"column":6},"end":{"line":72,"column":44}},"21":{"start":{"line":75,"column":8},"end":{"line":75,"column":50}},"22":{"start":{"line":83,"column":30},"end":{"line":95,"column":1}},"23":{"start":{"line":84,"column":2},"end":{"line":94,"column":9}},"24":{"start":{"line":88,"column":4},"end":{"line":88,"column":51}},"25":{"start":{"line":89,"column":4},"end":{"line":89,"column":42}},"26":{"start":{"line":92,"column":8},"end":{"line":92,"column":51}},"27":{"start":{"line":93,"column":8},"end":{"line":93,"column":50}},"28":{"start":{"line":101,"column":27},"end":{"line":110,"column":1}},"29":{"start":{"line":102,"column":2},"end":{"line":109,"column":7}},"30":{"start":{"line":104,"column":6},"end":{"line":104,"column":53}},"31":{"start":{"line":105,"column":6},"end":{"line":105,"column":54}},"32":{"start":{"line":108,"column":6},"end":{"line":108,"column":49}},"33":{"start":{"line":117,"column":30},"end":{"line":128,"column":1}},"34":{"start":{"line":118,"column":2},"end":{"line":127,"column":9}},"35":{"start":{"line":123,"column":4},"end":{"line":123,"column":51}},"36":{"start":{"line":126,"column":8},"end":{"line":126,"column":51}},"37":{"start":{"line":135,"column":27},"end":{"line":149,"column":1}},"38":{"start":{"line":136,"column":2},"end":{"line":148,"column":5}},"39":{"start":{"line":144,"column":4},"end":{"line":144,"column":48}},"40":{"start":{"line":147,"column":4},"end":{"line":147,"column":47}},"41":{"start":{"line":155,"column":29},"end":{"line":164,"column":1}},"42":{"start":{"line":156,"column":2},"end":{"line":163,"column":7}},"43":{"start":{"line":158,"column":6},"end":{"line":158,"column":53}},"44":{"start":{"line":159,"column":6},"end":{"line":159,"column":54}},"45":{"start":{"line":162,"column":6},"end":{"line":162,"column":49}},"46":{"start":{"line":170,"column":31},"end":{"line":180,"column":1}},"47":{"start":{"line":171,"column":2},"end":{"line":179,"column":7}},"48":{"start":{"line":173,"column":6},"end":{"line":173,"column":53}},"49":{"start":{"line":174,"column":6},"end":{"line":174,"column":55}},"50":{"start":{"line":178,"column":6},"end":{"line":178,"column":49}},"51":{"start":{"line":185,"column":24},"end":{"line":194,"column":1}},"52":{"start":{"line":186,"column":2},"end":{"line":193,"column":7}},"53":{"start":{"line":188,"column":6},"end":{"line":188,"column":53}},"54":{"start":{"line":189,"column":6},"end":{"line":189,"column":54}},"55":{"start":{"line":192,"column":6},"end":{"line":192,"column":49}},"56":{"start":{"line":201,"column":32},"end":{"line":211,"column":1}},"57":{"start":{"line":202,"column":2},"end":{"line":210,"column":7}},"58":{"start":{"line":204,"column":6},"end":{"line":204,"column":53}},"59":{"start":{"line":206,"column":6},"end":{"line":206,"column":56}},"60":{"start":{"line":209,"column":6},"end":{"line":209,"column":49}},"61":{"start":{"line":217,"column":29},"end":{"line":229,"column":1}},"62":{"start":{"line":218,"column":2},"end":{"line":228,"column":7}},"63":{"start":{"line":222,"column":6},"end":{"line":222,"column":58}},"64":{"start":{"line":223,"column":6},"end":{"line":223,"column":44}},"65":{"start":{"line":226,"column":6},"end":{"line":226,"column":63}},"66":{"start":{"line":227,"column":6},"end":{"line":227,"column":48}}},"fnMap":{"0":{"name":"(anonymous_0)","decl":{"start":{"line":12,"column":31},"end":{"line":12,"column":32}},"loc":{"start":{"line":12,"column":41},"end":{"line":27,"column":1}},"line":12},"1":{"name":"(anonymous_1)","decl":{"start":{"line":19,"column":8},"end":{"line":19,"column":9}},"loc":{"start":{"line":19,"column":22},"end":{"line":22,"column":3}},"line":19},"2":{"name":"(anonymous_2)","decl":{"start":{"line":23,"column":9},"end":{"line":23,"column":10}},"loc":{"start":{"line":23,"column":20},"end":{"line":26,"column":3}},"line":23},"3":{"name":"(anonymous_3)","decl":{"start":{"line":34,"column":26},"end":{"line":34,"column":27}},"loc":{"start":{"line":34,"column":36},"end":{"line":46,"column":1}},"line":34},"4":{"name":"(anonymous_4)","decl":{"start":{"line":39,"column":10},"end":{"line":39,"column":11}},"loc":{"start":{"line":39,"column":24},"end":{"line":42,"column":5}},"line":39},"5":{"name":"(anonymous_5)","decl":{"start":{"line":43,"column":11},"end":{"line":43,"column":12}},"loc":{"start":{"line":43,"column":22},"end":{"line":45,"column":5}},"line":43},"6":{"name":"(anonymous_6)","decl":{"start":{"line":52,"column":27},"end":{"line":52,"column":28}},"loc":{"start":{"line":52,"column":33},"end":{"line":62,"column":1}},"line":52},"7":{"name":"(anonymous_7)","decl":{"start":{"line":54,"column":10},"end":{"line":54,"column":11}},"loc":{"start":{"line":54,"column":24},"end":{"line":58,"column":5}},"line":54},"8":{"name":"(anonymous_8)","decl":{"start":{"line":59,"column":11},"end":{"line":59,"column":12}},"loc":{"start":{"line":59,"column":22},"end":{"line":61,"column":5}},"line":59},"9":{"name":"(anonymous_9)","decl":{"start":{"line":68,"column":27},"end":{"line":68,"column":28}},"loc":{"start":{"line":68,"column":39},"end":{"line":77,"column":1}},"line":68},"10":{"name":"(anonymous_10)","decl":{"start":{"line":70,"column":10},"end":{"line":70,"column":11}},"loc":{"start":{"line":70,"column":24},"end":{"line":73,"column":5}},"line":70},"11":{"name":"(anonymous_11)","decl":{"start":{"line":74,"column":13},"end":{"line":74,"column":14}},"loc":{"start":{"line":74,"column":24},"end":{"line":76,"column":7}},"line":74},"12":{"name":"(anonymous_12)","decl":{"start":{"line":83,"column":30},"end":{"line":83,"column":31}},"loc":{"start":{"line":83,"column":41},"end":{"line":95,"column":1}},"line":83},"13":{"name":"(anonymous_13)","decl":{"start":{"line":87,"column":10},"end":{"line":87,"column":11}},"loc":{"start":{"line":87,"column":24},"end":{"line":90,"column":3}},"line":87},"14":{"name":"(anonymous_14)","decl":{"start":{"line":91,"column":13},"end":{"line":91,"column":14}},"loc":{"start":{"line":91,"column":24},"end":{"line":94,"column":7}},"line":91},"15":{"name":"(anonymous_15)","decl":{"start":{"line":101,"column":27},"end":{"line":101,"column":28}},"loc":{"start":{"line":101,"column":38},"end":{"line":110,"column":1}},"line":101},"16":{"name":"(anonymous_16)","decl":{"start":{"line":103,"column":10},"end":{"line":103,"column":11}},"loc":{"start":{"line":103,"column":24},"end":{"line":106,"column":5}},"line":103},"17":{"name":"(anonymous_17)","decl":{"start":{"line":107,"column":11},"end":{"line":107,"column":12}},"loc":{"start":{"line":107,"column":22},"end":{"line":109,"column":5}},"line":107},"18":{"name":"(anonymous_18)","decl":{"start":{"line":117,"column":30},"end":{"line":117,"column":31}},"loc":{"start":{"line":117,"column":40},"end":{"line":128,"column":1}},"line":117},"19":{"name":"(anonymous_19)","decl":{"start":{"line":122,"column":10},"end":{"line":122,"column":11}},"loc":{"start":{"line":122,"column":24},"end":{"line":124,"column":3}},"line":122},"20":{"name":"(anonymous_20)","decl":{"start":{"line":125,"column":13},"end":{"line":125,"column":14}},"loc":{"start":{"line":125,"column":24},"end":{"line":127,"column":7}},"line":125},"21":{"name":"(anonymous_21)","decl":{"start":{"line":135,"column":27},"end":{"line":135,"column":28}},"loc":{"start":{"line":135,"column":40},"end":{"line":149,"column":1}},"line":135},"22":{"name":"(anonymous_22)","decl":{"start":{"line":143,"column":8},"end":{"line":143,"column":9}},"loc":{"start":{"line":143,"column":22},"end":{"line":145,"column":3}},"line":143},"23":{"name":"(anonymous_23)","decl":{"start":{"line":146,"column":9},"end":{"line":146,"column":10}},"loc":{"start":{"line":146,"column":20},"end":{"line":148,"column":3}},"line":146},"24":{"name":"(anonymous_24)","decl":{"start":{"line":155,"column":29},"end":{"line":155,"column":30}},"loc":{"start":{"line":155,"column":35},"end":{"line":164,"column":1}},"line":155},"25":{"name":"(anonymous_25)","decl":{"start":{"line":157,"column":10},"end":{"line":157,"column":11}},"loc":{"start":{"line":157,"column":24},"end":{"line":160,"column":5}},"line":157},"26":{"name":"(anonymous_26)","decl":{"start":{"line":161,"column":11},"end":{"line":161,"column":12}},"loc":{"start":{"line":161,"column":22},"end":{"line":163,"column":5}},"line":161},"27":{"name":"(anonymous_27)","decl":{"start":{"line":170,"column":31},"end":{"line":170,"column":32}},"loc":{"start":{"line":170,"column":42},"end":{"line":180,"column":1}},"line":170},"28":{"name":"(anonymous_28)","decl":{"start":{"line":172,"column":10},"end":{"line":172,"column":11}},"loc":{"start":{"line":172,"column":24},"end":{"line":176,"column":5}},"line":172},"29":{"name":"(anonymous_29)","decl":{"start":{"line":177,"column":11},"end":{"line":177,"column":12}},"loc":{"start":{"line":177,"column":22},"end":{"line":179,"column":5}},"line":177},"30":{"name":"(anonymous_30)","decl":{"start":{"line":185,"column":24},"end":{"line":185,"column":25}},"loc":{"start":{"line":185,"column":30},"end":{"line":194,"column":1}},"line":185},"31":{"name":"(anonymous_31)","decl":{"start":{"line":187,"column":10},"end":{"line":187,"column":11}},"loc":{"start":{"line":187,"column":24},"end":{"line":190,"column":5}},"line":187},"32":{"name":"(anonymous_32)","decl":{"start":{"line":191,"column":11},"end":{"line":191,"column":12}},"loc":{"start":{"line":191,"column":22},"end":{"line":193,"column":5}},"line":191},"33":{"name":"(anonymous_33)","decl":{"start":{"line":201,"column":32},"end":{"line":201,"column":33}},"loc":{"start":{"line":201,"column":45},"end":{"line":211,"column":1}},"line":201},"34":{"name":"(anonymous_34)","decl":{"start":{"line":203,"column":10},"end":{"line":203,"column":11}},"loc":{"start":{"line":203,"column":24},"end":{"line":207,"column":5}},"line":203},"35":{"name":"(anonymous_35)","decl":{"start":{"line":208,"column":11},"end":{"line":208,"column":12}},"loc":{"start":{"line":208,"column":22},"end":{"line":210,"column":5}},"line":208},"36":{"name":"(anonymous_36)","decl":{"start":{"line":217,"column":29},"end":{"line":217,"column":30}},"loc":{"start":{"line":217,"column":40},"end":{"line":229,"column":1}},"line":217},"37":{"name":"(anonymous_37)","decl":{"start":{"line":221,"column":10},"end":{"line":221,"column":11}},"loc":{"start":{"line":221,"column":24},"end":{"line":224,"column":5}},"line":221},"38":{"name":"(anonymous_38)","decl":{"start":{"line":225,"column":11},"end":{"line":225,"column":12}},"loc":{"start":{"line":225,"column":22},"end":{"line":228,"column":5}},"line":225}},"branchMap":{},"s":{"0":29,"1":2,"2":0,"3":0,"4":0,"5":0,"6":29,"7":2,"8":0,"9":0,"10":0,"11":29,"12":1,"13":0,"14":0,"15":0,"16":0,"17":29,"18":1,"19":0,"20":0,"21":0,"22":29,"23":1,"24":0,"25":0,"26":0,"27":0,"28":29,"29":2,"30":0,"31":0,"32":0,"33":29,"34":1,"35":0,"36":0,"37":29,"38":1,"39":0,"40":0,"41":29,"42":11,"43":0,"44":0,"45":9,"46":29,"47":1,"48":0,"49":0,"50":0,"51":29,"52":9,"53":0,"54":0,"55":9,"56":29,"57":1,"58":0,"59":0,"60":0,"61":29,"62":1,"63":0,"64":0,"65":0,"66":0},"f":{"0":2,"1":0,"2":0,"3":2,"4":0,"5":0,"6":1,"7":0,"8":0,"9":1,"10":0,"11":0,"12":1,"13":0,"14":0,"15":2,"16":0,"17":0,"18":1,"19":0,"20":0,"21":1,"22":0,"23":0,"24":11,"25":0,"26":9,"27":1,"28":0,"29":0,"30":9,"31":0,"32":9,"33":1,"34":0,"35":0,"36":1,"37":0,"38":0},"b":{},"_coverageSchema":"332fd63041d2c1bcb487cc26dd0d5f7d97098a6c","hash":"7392678f3c6cc7ebc3cd474731322fed2314693a"}
,"/Users/andeladeveloper/Desktop/post-it-app-2/client/actions/PostItActions.js": {"path":"/Users/andeladeveloper/Desktop/post-it-app-2/client/actions/PostItActions.js","statementMap":{"0":{"start":{"line":4,"column":22},"end":{"line":194,"column":1}},"1":{"start":{"line":10,"column":4},"end":{"line":13,"column":7}},"2":{"start":{"line":21,"column":4},"end":{"line":24,"column":7}},"3":{"start":{"line":33,"column":4},"end":{"line":36,"column":7}},"4":{"start":{"line":44,"column":4},"end":{"line":47,"column":7}},"5":{"start":{"line":54,"column":4},"end":{"line":57,"column":7}},"6":{"start":{"line":64,"column":4},"end":{"line":67,"column":7}},"7":{"start":{"line":70,"column":4},"end":{"line":73,"column":7}},"8":{"start":{"line":80,"column":4},"end":{"line":83,"column":7}},"9":{"start":{"line":91,"column":4},"end":{"line":95,"column":7}},"10":{"start":{"line":102,"column":4},"end":{"line":105,"column":7}},"11":{"start":{"line":113,"column":4},"end":{"line":116,"column":7}},"12":{"start":{"line":124,"column":4},"end":{"line":126,"column":7}},"13":{"start":{"line":133,"column":4},"end":{"line":136,"column":7}},"14":{"start":{"line":145,"column":4},"end":{"line":149,"column":7}},"15":{"start":{"line":158,"column":4},"end":{"line":162,"column":7}},"16":{"start":{"line":171,"column":4},"end":{"line":174,"column":7}},"17":{"start":{"line":183,"column":4},"end":{"line":186,"column":7}},"18":{"start":{"line":189,"column":4},"end":{"line":192,"column":7}}},"fnMap":{},"branchMap":{},"s":{"0":29,"1":2,"2":1,"3":2,"4":19,"5":1,"6":1,"7":1,"8":1,"9":1,"10":1,"11":1,"12":1,"13":2,"14":1,"15":1,"16":1,"17":2,"18":1},"f":{},"b":{},"_coverageSchema":"332fd63041d2c1bcb487cc26dd0d5f7d97098a6c","hash":"aa432004e31847780a9c0e396f844872c7bcf7a1"}
,"/Users/andeladeveloper/Desktop/post-it-app-2/client/components/Login.jsx": {"path":"/Users/andeladeveloper/Desktop/post-it-app-2/client/components/Login.jsx","statementMap":{"0":{"start":{"line":27,"column":4},"end":{"line":27,"column":17}},"1":{"start":{"line":28,"column":4},"end":{"line":33,"column":6}},"2":{"start":{"line":34,"column":4},"end":{"line":34,"column":45}},"3":{"start":{"line":35,"column":4},"end":{"line":35,"column":43}},"4":{"start":{"line":36,"column":4},"end":{"line":36,"column":43}},"5":{"start":{"line":37,"column":4},"end":{"line":37,"column":55}},"6":{"start":{"line":38,"column":4},"end":{"line":38,"column":53}},"7":{"start":{"line":48,"column":4},"end":{"line":50,"column":7}},"8":{"start":{"line":62,"column":4},"end":{"line":65,"column":7}},"9":{"start":{"line":75,"column":4},"end":{"line":75,"column":48}},"10":{"start":{"line":85,"column":4},"end":{"line":85,"column":51}},"11":{"start":{"line":95,"column":4},"end":{"line":95,"column":27}},"12":{"start":{"line":96,"column":17},"end":{"line":99,"column":5}},"13":{"start":{"line":100,"column":4},"end":{"line":100,"column":30}},"14":{"start":{"line":101,"column":4},"end":{"line":106,"column":7}},"15":{"start":{"line":115,"column":4},"end":{"line":115,"column":27}},"16":{"start":{"line":116,"column":4},"end":{"line":116,"column":35}},"17":{"start":{"line":117,"column":21},"end":{"line":117,"column":59}},"18":{"start":{"line":118,"column":4},"end":{"line":118,"column":68}},"19":{"start":{"line":119,"column":4},"end":{"line":122,"column":6}},"20":{"start":{"line":121,"column":6},"end":{"line":121,"column":40}},"21":{"start":{"line":131,"column":4},"end":{"line":131,"column":27}},"22":{"start":{"line":133,"column":6},"end":{"line":135,"column":7}},"23":{"start":{"line":136,"column":4},"end":{"line":136,"column":39}},"24":{"start":{"line":148,"column":4},"end":{"line":179,"column":6}}},"fnMap":{"0":{"name":"(anonymous_0)","decl":{"start":{"line":26,"column":2},"end":{"line":26,"column":3}},"loc":{"start":{"line":26,"column":21},"end":{"line":39,"column":3}},"line":26},"1":{"name":"(anonymous_1)","decl":{"start":{"line":47,"column":2},"end":{"line":47,"column":3}},"loc":{"start":{"line":47,"column":18},"end":{"line":51,"column":3}},"line":47},"2":{"name":"(anonymous_2)","decl":{"start":{"line":61,"column":2},"end":{"line":61,"column":3}},"loc":{"start":{"line":61,"column":13},"end":{"line":66,"column":3}},"line":61},"3":{"name":"(anonymous_3)","decl":{"start":{"line":74,"column":2},"end":{"line":74,"column":3}},"loc":{"start":{"line":74,"column":22},"end":{"line":76,"column":3}},"line":74},"4":{"name":"(anonymous_4)","decl":{"start":{"line":84,"column":2},"end":{"line":84,"column":3}},"loc":{"start":{"line":84,"column":25},"end":{"line":86,"column":3}},"line":84},"5":{"name":"(anonymous_5)","decl":{"start":{"line":94,"column":2},"end":{"line":94,"column":3}},"loc":{"start":{"line":94,"column":17},"end":{"line":107,"column":3}},"line":94},"6":{"name":"(anonymous_6)","decl":{"start":{"line":114,"column":2},"end":{"line":114,"column":3}},"loc":{"start":{"line":114,"column":23},"end":{"line":123,"column":3}},"line":114},"7":{"name":"(anonymous_7)","decl":{"start":{"line":120,"column":10},"end":{"line":120,"column":11}},"loc":{"start":{"line":120,"column":22},"end":{"line":122,"column":5}},"line":120},"8":{"name":"(anonymous_8)","decl":{"start":{"line":130,"column":2},"end":{"line":130,"column":3}},"loc":{"start":{"line":130,"column":22},"end":{"line":137,"column":3}},"line":130},"9":{"name":"(anonymous_9)","decl":{"start":{"line":147,"column":2},"end":{"line":147,"column":3}},"loc":{"start":{"line":147,"column":11},"end":{"line":180,"column":3}},"line":147}},"branchMap":{},"s":{"0":2,"1":2,"2":2,"3":2,"4":2,"5":2,"6":2,"7":0,"8":0,"9":0,"10":0,"11":1,"12":1,"13":1,"14":1,"15":0,"16":0,"17":0,"18":0,"19":0,"20":0,"21":0,"22":0,"23":0,"24":3},"f":{"0":2,"1":0,"2":0,"3":0,"4":0,"5":1,"6":0,"7":0,"8":0,"9":3},"b":{},"_coverageSchema":"332fd63041d2c1bcb487cc26dd0d5f7d97098a6c","hash":"8a90a3635ec0fcbbec2beff28e285ff45284e626"}
,"/Users/andeladeveloper/Desktop/post-it-app-2/client/components/Register.jsx": {"path":"/Users/andeladeveloper/Desktop/post-it-app-2/client/components/Register.jsx","statementMap":{"0":{"start":{"line":22,"column":4},"end":{"line":22,"column":17}},"1":{"start":{"line":23,"column":4},"end":{"line":29,"column":6}},"2":{"start":{"line":30,"column":4},"end":{"line":30,"column":45}},"3":{"start":{"line":31,"column":4},"end":{"line":31,"column":43}},"4":{"start":{"line":32,"column":4},"end":{"line":32,"column":43}},"5":{"start":{"line":43,"column":4},"end":{"line":45,"column":7}},"6":{"start":{"line":56,"column":4},"end":{"line":58,"column":7}},"7":{"start":{"line":68,"column":4},"end":{"line":68,"column":48}},"8":{"start":{"line":77,"column":4},"end":{"line":77,"column":51}},"9":{"start":{"line":87,"column":4},"end":{"line":87,"column":27}},"10":{"start":{"line":88,"column":17},"end":{"line":93,"column":5}},"11":{"start":{"line":94,"column":4},"end":{"line":94,"column":37}},"12":{"start":{"line":98,"column":4},"end":{"line":104,"column":7}},"13":{"start":{"line":114,"column":4},"end":{"line":144,"column":6}}},"fnMap":{"0":{"name":"(anonymous_0)","decl":{"start":{"line":21,"column":2},"end":{"line":21,"column":3}},"loc":{"start":{"line":21,"column":21},"end":{"line":33,"column":3}},"line":21},"1":{"name":"(anonymous_1)","decl":{"start":{"line":42,"column":2},"end":{"line":42,"column":3}},"loc":{"start":{"line":42,"column":18},"end":{"line":46,"column":3}},"line":42},"2":{"name":"(anonymous_2)","decl":{"start":{"line":55,"column":2},"end":{"line":55,"column":3}},"loc":{"start":{"line":55,"column":17},"end":{"line":59,"column":3}},"line":55},"3":{"name":"(anonymous_3)","decl":{"start":{"line":67,"column":2},"end":{"line":67,"column":3}},"loc":{"start":{"line":67,"column":22},"end":{"line":69,"column":3}},"line":67},"4":{"name":"(anonymous_4)","decl":{"start":{"line":76,"column":2},"end":{"line":76,"column":3}},"loc":{"start":{"line":76,"column":25},"end":{"line":78,"column":3}},"line":76},"5":{"name":"(anonymous_5)","decl":{"start":{"line":86,"column":2},"end":{"line":86,"column":3}},"loc":{"start":{"line":86,"column":17},"end":{"line":105,"column":3}},"line":86},"6":{"name":"(anonymous_6)","decl":{"start":{"line":113,"column":2},"end":{"line":113,"column":3}},"loc":{"start":{"line":113,"column":11},"end":{"line":145,"column":3}},"line":113}},"branchMap":{},"s":{"0":2,"1":2,"2":2,"3":2,"4":2,"5":0,"6":0,"7":0,"8":0,"9":1,"10":1,"11":1,"12":1,"13":3},"f":{"0":2,"1":0,"2":0,"3":0,"4":0,"5":1,"6":3},"b":{},"_coverageSchema":"332fd63041d2c1bcb487cc26dd0d5f7d97098a6c","hash":"2f0492bf751dca45d34dbcfeb57a12db5a29c9c2"}
,"/Users/andeladeveloper/Desktop/post-it-app-2/client/components/index.jsx": {"path":"/Users/andeladeveloper/Desktop/post-it-app-2/client/components/index.jsx","statementMap":{"0":{"start":{"line":18,"column":0},"end":{"line":18,"column":23}},"1":{"start":{"line":27,"column":2},"end":{"line":34,"column":4}},"2":{"start":{"line":30,"column":23},"end":{"line":32,"column":84}},"3":{"start":{"line":43,"column":2},"end":{"line":50,"column":4}},"4":{"start":{"line":46,"column":24},"end":{"line":48,"column":41}},"5":{"start":{"line":61,"column":4},"end":{"line":61,"column":17}},"6":{"start":{"line":62,"column":4},"end":{"line":64,"column":6}},"7":{"start":{"line":65,"column":4},"end":{"line":65,"column":45}},"8":{"start":{"line":73,"column":4},"end":{"line":73,"column":49}},"9":{"start":{"line":82,"column":4},"end":{"line":82,"column":52}},"10":{"start":{"line":93,"column":4},"end":{"line":116,"column":6}},"11":{"start":{"line":113,"column":31},"end":{"line":113,"column":48}},"12":{"start":{"line":128,"column":4},"end":{"line":130,"column":7}}},"fnMap":{"0":{"name":"PrivateRoute","decl":{"start":{"line":26,"column":9},"end":{"line":26,"column":21}},"loc":{"start":{"line":26,"column":74},"end":{"line":35,"column":1}},"line":26},"1":{"name":"(anonymous_1)","decl":{"start":{"line":30,"column":14},"end":{"line":30,"column":15}},"loc":{"start":{"line":30,"column":23},"end":{"line":32,"column":84}},"line":30},"2":{"name":"PublicRoute","decl":{"start":{"line":42,"column":9},"end":{"line":42,"column":20}},"loc":{"start":{"line":42,"column":73},"end":{"line":51,"column":1}},"line":42},"3":{"name":"(anonymous_3)","decl":{"start":{"line":46,"column":14},"end":{"line":46,"column":15}},"loc":{"start":{"line":46,"column":24},"end":{"line":48,"column":41}},"line":46},"4":{"name":"(anonymous_4)","decl":{"start":{"line":60,"column":2},"end":{"line":60,"column":3}},"loc":{"start":{"line":60,"column":21},"end":{"line":66,"column":3}},"line":60},"5":{"name":"(anonymous_5)","decl":{"start":{"line":72,"column":2},"end":{"line":72,"column":3}},"loc":{"start":{"line":72,"column":22},"end":{"line":74,"column":3}},"line":72},"6":{"name":"(anonymous_6)","decl":{"start":{"line":81,"column":2},"end":{"line":81,"column":3}},"loc":{"start":{"line":81,"column":25},"end":{"line":83,"column":3}},"line":81},"7":{"name":"(anonymous_7)","decl":{"start":{"line":92,"column":2},"end":{"line":92,"column":3}},"loc":{"start":{"line":92,"column":11},"end":{"line":117,"column":3}},"line":92},"8":{"name":"(anonymous_8)","decl":{"start":{"line":113,"column":25},"end":{"line":113,"column":26}},"loc":{"start":{"line":113,"column":31},"end":{"line":113,"column":48}},"line":113},"9":{"name":"(anonymous_9)","decl":{"start":{"line":127,"column":2},"end":{"line":127,"column":3}},"loc":{"start":{"line":127,"column":13},"end":{"line":131,"column":3}},"line":127}},"branchMap":{"0":{"loc":{"start":{"line":30,"column":23},"end":{"line":32,"column":84}},"type":"cond-expr","locations":[{"start":{"line":31,"column":10},"end":{"line":31,"column":34}},{"start":{"line":32,"column":10},"end":{"line":32,"column":84}}],"line":30},"1":{"loc":{"start":{"line":46,"column":24},"end":{"line":48,"column":41}},"type":"cond-expr","locations":[{"start":{"line":47,"column":10},"end":{"line":47,"column":34}},{"start":{"line":48,"column":10},"end":{"line":48,"column":41}}],"line":46}},"s":{"0":1,"1":0,"2":0,"3":0,"4":0,"5":3,"6":3,"7":3,"8":0,"9":0,"10":3,"11":0,"12":0},"f":{"0":0,"1":0,"2":0,"3":0,"4":3,"5":0,"6":0,"7":3,"8":0,"9":0},"b":{"0":[0,0],"1":[0,0]},"_coverageSchema":"332fd63041d2c1bcb487cc26dd0d5f7d97098a6c","hash":"fa5ea2a2df48b50f9ac10b4d4b63825564e099a3"}
,"/Users/andeladeveloper/Desktop/post-it-app-2/client/components/protected/AddMember.jsx": {"path":"/Users/andeladeveloper/Desktop/post-it-app-2/client/components/protected/AddMember.jsx","statementMap":{"0":{"start":{"line":15,"column":4},"end":{"line":15,"column":17}},"1":{"start":{"line":16,"column":4},"end":{"line":20,"column":6}},"2":{"start":{"line":21,"column":4},"end":{"line":21,"column":45}},"3":{"start":{"line":22,"column":4},"end":{"line":22,"column":43}},"4":{"start":{"line":23,"column":4},"end":{"line":23,"column":57}},"5":{"start":{"line":35,"column":4},"end":{"line":37,"column":7}},"6":{"start":{"line":49,"column":4},"end":{"line":55,"column":7}},"7":{"start":{"line":50,"column":6},"end":{"line":54,"column":7}},"8":{"start":{"line":51,"column":8},"end":{"line":51,"column":21}},"9":{"start":{"line":53,"column":8},"end":{"line":53,"column":20}},"10":{"start":{"line":56,"column":4},"end":{"line":56,"column":13}},"11":{"start":{"line":67,"column":4},"end":{"line":67,"column":27}},"12":{"start":{"line":68,"column":4},"end":{"line":74,"column":5}},"13":{"start":{"line":69,"column":6},"end":{"line":72,"column":9}},"14":{"start":{"line":73,"column":6},"end":{"line":73,"column":18}},"15":{"start":{"line":75,"column":17},"end":{"line":79,"column":5}},"16":{"start":{"line":80,"column":4},"end":{"line":91,"column":5}},"17":{"start":{"line":81,"column":6},"end":{"line":84,"column":9}},"18":{"start":{"line":86,"column":6},"end":{"line":86,"column":41}},"19":{"start":{"line":87,"column":6},"end":{"line":90,"column":9}},"20":{"start":{"line":101,"column":4},"end":{"line":117,"column":6}}},"fnMap":{"0":{"name":"(anonymous_0)","decl":{"start":{"line":14,"column":2},"end":{"line":14,"column":3}},"loc":{"start":{"line":14,"column":21},"end":{"line":24,"column":3}},"line":14},"1":{"name":"(anonymous_1)","decl":{"start":{"line":34,"column":2},"end":{"line":34,"column":3}},"loc":{"start":{"line":34,"column":18},"end":{"line":38,"column":3}},"line":34},"2":{"name":"(anonymous_2)","decl":{"start":{"line":47,"column":2},"end":{"line":47,"column":3}},"loc":{"start":{"line":47,"column":27},"end":{"line":57,"column":3}},"line":47},"3":{"name":"(anonymous_3)","decl":{"start":{"line":49,"column":37},"end":{"line":49,"column":38}},"loc":{"start":{"line":49,"column":44},"end":{"line":55,"column":5}},"line":49},"4":{"name":"(anonymous_4)","decl":{"start":{"line":66,"column":2},"end":{"line":66,"column":3}},"loc":{"start":{"line":66,"column":17},"end":{"line":92,"column":3}},"line":66},"5":{"name":"(anonymous_5)","decl":{"start":{"line":100,"column":2},"end":{"line":100,"column":3}},"loc":{"start":{"line":100,"column":11},"end":{"line":118,"column":3}},"line":100}},"branchMap":{"0":{"loc":{"start":{"line":50,"column":6},"end":{"line":54,"column":7}},"type":"if","locations":[{"start":{"line":50,"column":6},"end":{"line":54,"column":7}},{"start":{"line":50,"column":6},"end":{"line":54,"column":7}}],"line":50},"1":{"loc":{"start":{"line":68,"column":4},"end":{"line":74,"column":5}},"type":"if","locations":[{"start":{"line":68,"column":4},"end":{"line":74,"column":5}},{"start":{"line":68,"column":4},"end":{"line":74,"column":5}}],"line":68},"2":{"loc":{"start":{"line":80,"column":4},"end":{"line":91,"column":5}},"type":"if","locations":[{"start":{"line":80,"column":4},"end":{"line":91,"column":5}},{"start":{"line":80,"column":4},"end":{"line":91,"column":5}}],"line":80}},"s":{"0":3,"1":3,"2":3,"3":3,"4":3,"5":0,"6":0,"7":0,"8":0,"9":0,"10":0,"11":0,"12":0,"13":0,"14":0,"15":0,"16":0,"17":0,"18":0,"19":0,"20":3},"f":{"0":3,"1":0,"2":0,"3":0,"4":0,"5":3},"b":{"0":[0,0],"1":[0,0],"2":[0,0]},"_coverageSchema":"332fd63041d2c1bcb487cc26dd0d5f7d97098a6c","hash":"4a99d9367a00350be88c06ebce3c2dc8fae8c44d"}
,"/Users/andeladeveloper/Desktop/post-it-app-2/client/components/protected/CreateGroup.jsx": {"path":"/Users/andeladeveloper/Desktop/post-it-app-2/client/components/protected/CreateGroup.jsx","statementMap":{"0":{"start":{"line":15,"column":4},"end":{"line":15,"column":17}},"1":{"start":{"line":16,"column":4},"end":{"line":18,"column":6}},"2":{"start":{"line":19,"column":4},"end":{"line":19,"column":45}},"3":{"start":{"line":20,"column":4},"end":{"line":20,"column":43}},"4":{"start":{"line":32,"column":4},"end":{"line":34,"column":7}},"5":{"start":{"line":44,"column":4},"end":{"line":44,"column":27}},"6":{"start":{"line":45,"column":18},"end":{"line":48,"column":5}},"7":{"start":{"line":49,"column":4},"end":{"line":49,"column":37}},"8":{"start":{"line":50,"column":4},"end":{"line":50,"column":24}},"9":{"start":{"line":51,"column":4},"end":{"line":53,"column":7}},"10":{"start":{"line":65,"column":4},"end":{"line":77,"column":6}}},"fnMap":{"0":{"name":"(anonymous_0)","decl":{"start":{"line":14,"column":2},"end":{"line":14,"column":3}},"loc":{"start":{"line":14,"column":21},"end":{"line":21,"column":3}},"line":14},"1":{"name":"(anonymous_1)","decl":{"start":{"line":31,"column":2},"end":{"line":31,"column":3}},"loc":{"start":{"line":31,"column":18},"end":{"line":35,"column":3}},"line":31},"2":{"name":"(anonymous_2)","decl":{"start":{"line":43,"column":2},"end":{"line":43,"column":3}},"loc":{"start":{"line":43,"column":17},"end":{"line":54,"column":3}},"line":43},"3":{"name":"(anonymous_3)","decl":{"start":{"line":64,"column":2},"end":{"line":64,"column":3}},"loc":{"start":{"line":64,"column":11},"end":{"line":78,"column":3}},"line":64}},"branchMap":{},"s":{"0":2,"1":2,"2":2,"3":2,"4":0,"5":0,"6":0,"7":0,"8":0,"9":0,"10":2},"f":{"0":2,"1":0,"2":0,"3":2},"b":{},"_coverageSchema":"332fd63041d2c1bcb487cc26dd0d5f7d97098a6c","hash":"abe32c23b16e00edc7a312ee98ac250ddb64662f"}
,"/Users/andeladeveloper/Desktop/post-it-app-2/client/components/protected/DashboardNav.jsx": {"path":"/Users/andeladeveloper/Desktop/post-it-app-2/client/components/protected/DashboardNav.jsx","statementMap":{"0":{"start":{"line":21,"column":8},"end":{"line":21,"column":21}},"1":{"start":{"line":22,"column":8},"end":{"line":26,"column":10}},"2":{"start":{"line":27,"column":8},"end":{"line":27,"column":55}},"3":{"start":{"line":28,"column":8},"end":{"line":28,"column":53}},"4":{"start":{"line":29,"column":8},"end":{"line":29,"column":51}},"5":{"start":{"line":30,"column":8},"end":{"line":30,"column":55}},"6":{"start":{"line":31,"column":8},"end":{"line":31,"column":53}},"7":{"start":{"line":34,"column":8},"end":{"line":34,"column":50}},"8":{"start":{"line":37,"column":8},"end":{"line":37,"column":49}},"9":{"start":{"line":40,"column":8},"end":{"line":40,"column":46}},"10":{"start":{"line":43,"column":8},"end":{"line":43,"column":45}},"11":{"start":{"line":52,"column":4},"end":{"line":52,"column":27}},"12":{"start":{"line":53,"column":4},"end":{"line":53,"column":32}},"13":{"start":{"line":64,"column":6},"end":{"line":98,"column":10}}},"fnMap":{"0":{"name":"(anonymous_0)","decl":{"start":{"line":20,"column":4},"end":{"line":20,"column":5}},"loc":{"start":{"line":20,"column":23},"end":{"line":32,"column":5}},"line":20},"1":{"name":"(anonymous_1)","decl":{"start":{"line":33,"column":4},"end":{"line":33,"column":5}},"loc":{"start":{"line":33,"column":17},"end":{"line":35,"column":5}},"line":33},"2":{"name":"(anonymous_2)","decl":{"start":{"line":36,"column":4},"end":{"line":36,"column":5}},"loc":{"start":{"line":36,"column":16},"end":{"line":38,"column":5}},"line":36},"3":{"name":"(anonymous_3)","decl":{"start":{"line":39,"column":4},"end":{"line":39,"column":5}},"loc":{"start":{"line":39,"column":18},"end":{"line":41,"column":5}},"line":39},"4":{"name":"(anonymous_4)","decl":{"start":{"line":42,"column":4},"end":{"line":42,"column":5}},"loc":{"start":{"line":42,"column":17},"end":{"line":44,"column":5}},"line":42},"5":{"name":"(anonymous_5)","decl":{"start":{"line":51,"column":2},"end":{"line":51,"column":3}},"loc":{"start":{"line":51,"column":21},"end":{"line":54,"column":3}},"line":51},"6":{"name":"(anonymous_6)","decl":{"start":{"line":63,"column":4},"end":{"line":63,"column":5}},"loc":{"start":{"line":63,"column":13},"end":{"line":99,"column":5}},"line":63}},"branchMap":{},"s":{"0":11,"1":11,"2":11,"3":11,"4":11,"5":11,"6":11,"7":0,"8":0,"9":0,"10":0,"11":0,"12":0,"13":173},"f":{"0":11,"1":0,"2":0,"3":0,"4":0,"5":0,"6":173},"b":{},"_coverageSchema":"332fd63041d2c1bcb487cc26dd0d5f7d97098a6c","hash":"7adbd4f0c084ab9386a0726a07fd9863611d9176"}
,"/Users/andeladeveloper/Desktop/post-it-app-2/client/components/protected/Group.jsx": {"path":"/Users/andeladeveloper/Desktop/post-it-app-2/client/components/protected/Group.jsx","statementMap":{"0":{"start":{"line":14,"column":4},"end":{"line":14,"column":17}},"1":{"start":{"line":15,"column":4},"end":{"line":15,"column":43}},"2":{"start":{"line":26,"column":4},"end":{"line":26,"column":48}},"3":{"start":{"line":27,"column":4},"end":{"line":27,"column":52}},"4":{"start":{"line":28,"column":4},"end":{"line":28,"column":42}},"5":{"start":{"line":29,"column":4},"end":{"line":29,"column":24}},"6":{"start":{"line":40,"column":4},"end":{"line":46,"column":6}}},"fnMap":{"0":{"name":"(anonymous_0)","decl":{"start":{"line":13,"column":2},"end":{"line":13,"column":3}},"loc":{"start":{"line":13,"column":21},"end":{"line":16,"column":3}},"line":13},"1":{"name":"(anonymous_1)","decl":{"start":{"line":25,"column":2},"end":{"line":25,"column":3}},"loc":{"start":{"line":25,"column":12},"end":{"line":30,"column":3}},"line":25},"2":{"name":"(anonymous_2)","decl":{"start":{"line":39,"column":2},"end":{"line":39,"column":3}},"loc":{"start":{"line":39,"column":11},"end":{"line":47,"column":3}},"line":39}},"branchMap":{},"s":{"0":2,"1":2,"2":1,"3":1,"4":1,"5":1,"6":2},"f":{"0":2,"1":1,"2":2},"b":{},"_coverageSchema":"332fd63041d2c1bcb487cc26dd0d5f7d97098a6c","hash":"bcf24564f6edd15e686da797bb774cc126be70c5"}
,"/Users/andeladeveloper/Desktop/post-it-app-2/client/components/protected/GroupList.jsx": {"path":"/Users/andeladeveloper/Desktop/post-it-app-2/client/components/protected/GroupList.jsx","statementMap":{"0":{"start":{"line":17,"column":4},"end":{"line":17,"column":17}},"1":{"start":{"line":18,"column":4},"end":{"line":28,"column":6}},"2":{"start":{"line":29,"column":4},"end":{"line":29,"column":45}},"3":{"start":{"line":33,"column":4},"end":{"line":38,"column":7}},"4":{"start":{"line":47,"column":4},"end":{"line":47,"column":49}},"5":{"start":{"line":56,"column":4},"end":{"line":56,"column":52}},"6":{"start":{"line":68,"column":17},"end":{"line":68,"column":21}},"7":{"start":{"line":69,"column":4},"end":{"line":73,"column":5}},"8":{"start":{"line":70,"column":6},"end":{"line":70,"column":41}},"9":{"start":{"line":72,"column":6},"end":{"line":72,"column":62}},"10":{"start":{"line":74,"column":23},"end":{"line":78,"column":6}},"11":{"start":{"line":75,"column":6},"end":{"line":77,"column":8}},"12":{"start":{"line":79,"column":4},"end":{"line":86,"column":6}}},"fnMap":{"0":{"name":"(anonymous_0)","decl":{"start":{"line":16,"column":4},"end":{"line":16,"column":5}},"loc":{"start":{"line":16,"column":23},"end":{"line":30,"column":5}},"line":16},"1":{"name":"(anonymous_1)","decl":{"start":{"line":32,"column":6},"end":{"line":32,"column":7}},"loc":{"start":{"line":32,"column":17},"end":{"line":39,"column":3}},"line":32},"2":{"name":"(anonymous_2)","decl":{"start":{"line":46,"column":2},"end":{"line":46,"column":3}},"loc":{"start":{"line":46,"column":22},"end":{"line":48,"column":3}},"line":46},"3":{"name":"(anonymous_3)","decl":{"start":{"line":55,"column":2},"end":{"line":55,"column":3}},"loc":{"start":{"line":55,"column":25},"end":{"line":57,"column":3}},"line":55},"4":{"name":"(anonymous_4)","decl":{"start":{"line":67,"column":2},"end":{"line":67,"column":3}},"loc":{"start":{"line":67,"column":11},"end":{"line":87,"column":3}},"line":67},"5":{"name":"(anonymous_5)","decl":{"start":{"line":74,"column":55},"end":{"line":74,"column":56}},"loc":{"start":{"line":74,"column":69},"end":{"line":78,"column":5}},"line":74}},"branchMap":{"0":{"loc":{"start":{"line":69,"column":4},"end":{"line":73,"column":5}},"type":"if","locations":[{"start":{"line":69,"column":4},"end":{"line":73,"column":5}},{"start":{"line":69,"column":4},"end":{"line":73,"column":5}}],"line":69}},"s":{"0":10,"1":10,"2":10,"3":162,"4":9,"5":0,"6":334,"7":334,"8":334,"9":0,"10":334,"11":0,"12":334},"f":{"0":10,"1":162,"2":9,"3":0,"4":334,"5":0},"b":{"0":[334,0]},"_coverageSchema":"332fd63041d2c1bcb487cc26dd0d5f7d97098a6c","hash":"385ba52141452ba13ffd3aee6d3a438381603f80"}
,"/Users/andeladeveloper/Desktop/post-it-app-2/client/components/protected/Message.jsx": {"path":"/Users/andeladeveloper/Desktop/post-it-app-2/client/components/protected/Message.jsx","statementMap":{"0":{"start":{"line":15,"column":4},"end":{"line":15,"column":17}},"1":{"start":{"line":26,"column":20},"end":{"line":26,"column":24}},"2":{"start":{"line":27,"column":4},"end":{"line":33,"column":7}},"3":{"start":{"line":28,"column":19},"end":{"line":28,"column":21}},"4":{"start":{"line":29,"column":6},"end":{"line":29,"column":35}},"5":{"start":{"line":30,"column":6},"end":{"line":32,"column":8}},"6":{"start":{"line":34,"column":4},"end":{"line":50,"column":6}}},"fnMap":{"0":{"name":"(anonymous_0)","decl":{"start":{"line":14,"column":2},"end":{"line":14,"column":3}},"loc":{"start":{"line":14,"column":21},"end":{"line":16,"column":3}},"line":14},"1":{"name":"(anonymous_1)","decl":{"start":{"line":25,"column":2},"end":{"line":25,"column":3}},"loc":{"start":{"line":25,"column":11},"end":{"line":51,"column":3}},"line":25},"2":{"name":"(anonymous_2)","decl":{"start":{"line":27,"column":47},"end":{"line":27,"column":48}},"loc":{"start":{"line":27,"column":64},"end":{"line":33,"column":5}},"line":27}},"branchMap":{},"s":{"0":4,"1":4,"2":4,"3":0,"4":0,"5":0,"6":4},"f":{"0":4,"1":4,"2":0},"b":{},"_coverageSchema":"332fd63041d2c1bcb487cc26dd0d5f7d97098a6c","hash":"91619a61496547b27640b656e23f5ff64f13361a"}
,"/Users/andeladeveloper/Desktop/post-it-app-2/client/components/protected/MessageBoard.jsx": {"path":"/Users/andeladeveloper/Desktop/post-it-app-2/client/components/protected/MessageBoard.jsx","statementMap":{"0":{"start":{"line":23,"column":4},"end":{"line":23,"column":17}},"1":{"start":{"line":24,"column":4},"end":{"line":34,"column":6}},"2":{"start":{"line":35,"column":4},"end":{"line":35,"column":45}},"3":{"start":{"line":36,"column":4},"end":{"line":36,"column":49}},"4":{"start":{"line":37,"column":4},"end":{"line":37,"column":47}},"5":{"start":{"line":38,"column":4},"end":{"line":38,"column":51}},"6":{"start":{"line":39,"column":4},"end":{"line":39,"column":49}},"7":{"start":{"line":42,"column":4},"end":{"line":42,"column":46}},"8":{"start":{"line":45,"column":4},"end":{"line":45,"column":45}},"9":{"start":{"line":48,"column":4},"end":{"line":48,"column":42}},"10":{"start":{"line":51,"column":4},"end":{"line":51,"column":41}},"11":{"start":{"line":63,"column":4},"end":{"line":71,"column":7}},"12":{"start":{"line":80,"column":4},"end":{"line":80,"column":24}},"13":{"start":{"line":81,"column":4},"end":{"line":81,"column":19}},"14":{"start":{"line":82,"column":4},"end":{"line":82,"column":49}},"15":{"start":{"line":91,"column":4},"end":{"line":91,"column":52}},"16":{"start":{"line":102,"column":4},"end":{"line":115,"column":6}}},"fnMap":{"0":{"name":"(anonymous_0)","decl":{"start":{"line":22,"column":2},"end":{"line":22,"column":3}},"loc":{"start":{"line":22,"column":21},"end":{"line":40,"column":3}},"line":22},"1":{"name":"(anonymous_1)","decl":{"start":{"line":41,"column":2},"end":{"line":41,"column":3}},"loc":{"start":{"line":41,"column":15},"end":{"line":43,"column":3}},"line":41},"2":{"name":"(anonymous_2)","decl":{"start":{"line":44,"column":2},"end":{"line":44,"column":3}},"loc":{"start":{"line":44,"column":14},"end":{"line":46,"column":3}},"line":44},"3":{"name":"(anonymous_3)","decl":{"start":{"line":47,"column":2},"end":{"line":47,"column":3}},"loc":{"start":{"line":47,"column":16},"end":{"line":49,"column":3}},"line":47},"4":{"name":"(anonymous_4)","decl":{"start":{"line":50,"column":2},"end":{"line":50,"column":3}},"loc":{"start":{"line":50,"column":15},"end":{"line":52,"column":3}},"line":50},"5":{"name":"(anonymous_5)","decl":{"start":{"line":62,"column":2},"end":{"line":62,"column":3}},"loc":{"start":{"line":62,"column":13},"end":{"line":72,"column":3}},"line":62},"6":{"name":"(anonymous_6)","decl":{"start":{"line":79,"column":2},"end":{"line":79,"column":3}},"loc":{"start":{"line":79,"column":22},"end":{"line":83,"column":3}},"line":79},"7":{"name":"(anonymous_7)","decl":{"start":{"line":90,"column":2},"end":{"line":90,"column":3}},"loc":{"start":{"line":90,"column":25},"end":{"line":92,"column":3}},"line":90},"8":{"name":"(anonymous_8)","decl":{"start":{"line":101,"column":2},"end":{"line":101,"column":3}},"loc":{"start":{"line":101,"column":11},"end":{"line":116,"column":3}},"line":101}},"branchMap":{},"s":{"0":9,"1":9,"2":9,"3":9,"4":9,"5":9,"6":9,"7":0,"8":0,"9":0,"10":0,"11":162,"12":9,"13":9,"14":9,"15":0,"16":171},"f":{"0":9,"1":0,"2":0,"3":0,"4":0,"5":162,"6":9,"7":0,"8":171},"b":{},"_coverageSchema":"332fd63041d2c1bcb487cc26dd0d5f7d97098a6c","hash":"0ac4b0d33508bd3d2e29c079ea76507141fbbe3c"}
,"/Users/andeladeveloper/Desktop/post-it-app-2/client/components/protected/MessageBox.jsx": {"path":"/Users/andeladeveloper/Desktop/post-it-app-2/client/components/protected/MessageBox.jsx","statementMap":{"0":{"start":{"line":15,"column":4},"end":{"line":15,"column":17}},"1":{"start":{"line":16,"column":4},"end":{"line":20,"column":6}},"2":{"start":{"line":21,"column":4},"end":{"line":21,"column":45}},"3":{"start":{"line":22,"column":4},"end":{"line":22,"column":43}},"4":{"start":{"line":33,"column":4},"end":{"line":35,"column":7}},"5":{"start":{"line":45,"column":4},"end":{"line":45,"column":27}},"6":{"start":{"line":46,"column":4},"end":{"line":64,"column":5}},"7":{"start":{"line":47,"column":6},"end":{"line":50,"column":9}},"8":{"start":{"line":52,"column":22},"end":{"line":58,"column":7}},"9":{"start":{"line":59,"column":6},"end":{"line":59,"column":40}},"10":{"start":{"line":60,"column":6},"end":{"line":63,"column":9}},"11":{"start":{"line":75,"column":4},"end":{"line":91,"column":6}}},"fnMap":{"0":{"name":"(anonymous_0)","decl":{"start":{"line":14,"column":2},"end":{"line":14,"column":3}},"loc":{"start":{"line":14,"column":21},"end":{"line":23,"column":3}},"line":14},"1":{"name":"(anonymous_1)","decl":{"start":{"line":32,"column":2},"end":{"line":32,"column":3}},"loc":{"start":{"line":32,"column":14},"end":{"line":36,"column":3}},"line":32},"2":{"name":"(anonymous_2)","decl":{"start":{"line":44,"column":2},"end":{"line":44,"column":3}},"loc":{"start":{"line":44,"column":17},"end":{"line":65,"column":3}},"line":44},"3":{"name":"(anonymous_3)","decl":{"start":{"line":74,"column":2},"end":{"line":74,"column":3}},"loc":{"start":{"line":74,"column":11},"end":{"line":92,"column":3}},"line":74}},"branchMap":{"0":{"loc":{"start":{"line":46,"column":4},"end":{"line":64,"column":5}},"type":"if","locations":[{"start":{"line":46,"column":4},"end":{"line":64,"column":5}},{"start":{"line":46,"column":4},"end":{"line":64,"column":5}}],"line":46}},"s":{"0":12,"1":12,"2":12,"3":12,"4":0,"5":2,"6":2,"7":2,"8":0,"9":0,"10":0,"11":338},"f":{"0":12,"1":0,"2":2,"3":338},"b":{"0":[2,0]},"_coverageSchema":"332fd63041d2c1bcb487cc26dd0d5f7d97098a6c","hash":"f02a3806758babe089ae057c7d272fbfff915dfb"}
,"/Users/andeladeveloper/Desktop/post-it-app-2/client/components/protected/MessageList.jsx": {"path":"/Users/andeladeveloper/Desktop/post-it-app-2/client/components/protected/MessageList.jsx","statementMap":{"0":{"start":{"line":15,"column":4},"end":{"line":15,"column":17}},"1":{"start":{"line":16,"column":4},"end":{"line":18,"column":6}},"2":{"start":{"line":19,"column":4},"end":{"line":19,"column":45}},"3":{"start":{"line":31,"column":4},"end":{"line":33,"column":7}},"4":{"start":{"line":43,"column":4},"end":{"line":43,"column":49}},"5":{"start":{"line":52,"column":4},"end":{"line":52,"column":52}},"6":{"start":{"line":64,"column":23},"end":{"line":64,"column":27}},"7":{"start":{"line":65,"column":4},"end":{"line":77,"column":5}},"8":{"start":{"line":66,"column":6},"end":{"line":66,"column":78}},"9":{"start":{"line":67,"column":11},"end":{"line":77,"column":5}},"10":{"start":{"line":68,"column":6},"end":{"line":68,"column":80}},"11":{"start":{"line":70,"column":6},"end":{"line":76,"column":9}},"12":{"start":{"line":71,"column":8},"end":{"line":75,"column":10}},"13":{"start":{"line":78,"column":4},"end":{"line":88,"column":6}}},"fnMap":{"0":{"name":"(anonymous_0)","decl":{"start":{"line":14,"column":2},"end":{"line":14,"column":3}},"loc":{"start":{"line":14,"column":21},"end":{"line":20,"column":3}},"line":14},"1":{"name":"(anonymous_1)","decl":{"start":{"line":30,"column":2},"end":{"line":30,"column":3}},"loc":{"start":{"line":30,"column":13},"end":{"line":34,"column":3}},"line":30},"2":{"name":"(anonymous_2)","decl":{"start":{"line":42,"column":2},"end":{"line":42,"column":3}},"loc":{"start":{"line":42,"column":22},"end":{"line":44,"column":3}},"line":42},"3":{"name":"(anonymous_3)","decl":{"start":{"line":51,"column":2},"end":{"line":51,"column":3}},"loc":{"start":{"line":51,"column":25},"end":{"line":53,"column":3}},"line":51},"4":{"name":"(anonymous_4)","decl":{"start":{"line":63,"column":2},"end":{"line":63,"column":3}},"loc":{"start":{"line":63,"column":11},"end":{"line":89,"column":3}},"line":63},"5":{"name":"(anonymous_5)","decl":{"start":{"line":70,"column":44},"end":{"line":70,"column":45}},"loc":{"start":{"line":70,"column":60},"end":{"line":76,"column":7}},"line":70}},"branchMap":{"0":{"loc":{"start":{"line":65,"column":4},"end":{"line":77,"column":5}},"type":"if","locations":[{"start":{"line":65,"column":4},"end":{"line":77,"column":5}},{"start":{"line":65,"column":4},"end":{"line":77,"column":5}}],"line":65},"1":{"loc":{"start":{"line":67,"column":11},"end":{"line":77,"column":5}},"type":"if","locations":[{"start":{"line":67,"column":11},"end":{"line":77,"column":5}},{"start":{"line":67,"column":11},"end":{"line":77,"column":5}}],"line":67}},"s":{"0":10,"1":10,"2":10,"3":162,"4":9,"5":0,"6":334,"7":334,"8":333,"9":1,"10":1,"11":0,"12":0,"13":334},"f":{"0":10,"1":162,"2":9,"3":0,"4":334,"5":0},"b":{"0":[333,1],"1":[1,0]},"_coverageSchema":"332fd63041d2c1bcb487cc26dd0d5f7d97098a6c","hash":"14cf0bf08d459bc35937e0e0da144920d2f31f3b"}
,"/Users/andeladeveloper/Desktop/post-it-app-2/client/components/protected/User.jsx": {"path":"/Users/andeladeveloper/Desktop/post-it-app-2/client/components/protected/User.jsx","statementMap":{"0":{"start":{"line":19,"column":4},"end":{"line":24,"column":6}}},"fnMap":{"0":{"name":"(anonymous_0)","decl":{"start":{"line":18,"column":2},"end":{"line":18,"column":3}},"loc":{"start":{"line":18,"column":11},"end":{"line":25,"column":3}},"line":18}},"branchMap":{},"s":{"0":1},"f":{"0":1},"b":{},"_coverageSchema":"332fd63041d2c1bcb487cc26dd0d5f7d97098a6c","hash":"658c30cf87dd5d8d961580a5e282358c45a9d1d8"}
,"/Users/andeladeveloper/Desktop/post-it-app-2/client/components/protected/UserList.jsx": {"path":"/Users/andeladeveloper/Desktop/post-it-app-2/client/components/protected/UserList.jsx","statementMap":{"0":{"start":{"line":22,"column":22},"end":{"line":26,"column":6}},"1":{"start":{"line":23,"column":6},"end":{"line":25,"column":8}},"2":{"start":{"line":27,"column":4},"end":{"line":34,"column":6}}},"fnMap":{"0":{"name":"(anonymous_0)","decl":{"start":{"line":21,"column":2},"end":{"line":21,"column":3}},"loc":{"start":{"line":21,"column":11},"end":{"line":35,"column":3}},"line":21},"1":{"name":"(anonymous_1)","decl":{"start":{"line":22,"column":56},"end":{"line":22,"column":57}},"loc":{"start":{"line":22,"column":69},"end":{"line":26,"column":5}},"line":22}},"branchMap":{},"s":{"0":172,"1":0,"2":172},"f":{"0":172,"1":0},"b":{},"_coverageSchema":"332fd63041d2c1bcb487cc26dd0d5f7d97098a6c","hash":"763f4d576a361301301d907ac2df7447f6aab755"}
,"/Users/andeladeveloper/Desktop/post-it-app-2/client/constants/PostItConstants.js": {"path":"/Users/andeladeveloper/Desktop/post-it-app-2/client/constants/PostItConstants.js","statementMap":{"0":{"start":{"line":1,"column":0},"end":{"line":20,"column":2}}},"fnMap":{},"branchMap":{},"s":{"0":30},"f":{},"b":{},"_coverageSchema":"332fd63041d2c1bcb487cc26dd0d5f7d97098a6c","hash":"9077c84b85f9cd225636569a3620cf98b85a679f"}
,"/Users/andeladeveloper/Desktop/post-it-app-2/client/dispatcher/PostItDispatcher.js": {"path":"/Users/andeladeveloper/Desktop/post-it-app-2/client/dispatcher/PostItDispatcher.js","statementMap":{"0":{"start":{"line":4,"column":25},"end":{"line":12,"column":2}},"1":{"start":{"line":6,"column":20},"end":{"line":9,"column":5}},"2":{"start":{"line":10,"column":4},"end":{"line":10,"column":27}}},"fnMap":{},"branchMap":{},"s":{"0":15,"1":40,"2":40},"f":{},"b":{},"_coverageSchema":"332fd63041d2c1bcb487cc26dd0d5f7d97098a6c","hash":"3ea55bed9ae5d8c18424c3699ff2a738094ab8da"}
,"/Users/andeladeveloper/Desktop/post-it-app-2/client/stores/PostItStore.js": {"path":"/Users/andeladeveloper/Desktop/post-it-app-2/client/stores/PostItStore.js","statementMap":{"0":{"start":{"line":8,"column":19},"end":{"line":8,"column":21}},"1":{"start":{"line":9,"column":12},"end":{"line":9,"column":14}},"2":{"start":{"line":10,"column":19},"end":{"line":10,"column":21}},"3":{"start":{"line":11,"column":17},"end":{"line":11,"column":19}},"4":{"start":{"line":12,"column":16},"end":{"line":12,"column":18}},"5":{"start":{"line":13,"column":19},"end":{"line":13,"column":21}},"6":{"start":{"line":14,"column":13},"end":{"line":14,"column":15}},"7":{"start":{"line":15,"column":14},"end":{"line":15,"column":16}},"8":{"start":{"line":16,"column":19},"end":{"line":16,"column":21}},"9":{"start":{"line":17,"column":19},"end":{"line":17,"column":21}},"10":{"start":{"line":18,"column":22},"end":{"line":18,"column":24}},"11":{"start":{"line":19,"column":22},"end":{"line":19,"column":27}},"12":{"start":{"line":22,"column":20},"end":{"line":144,"column":2}},"13":{"start":{"line":25,"column":4},"end":{"line":25,"column":28}},"14":{"start":{"line":29,"column":4},"end":{"line":29,"column":27}},"15":{"start":{"line":33,"column":4},"end":{"line":33,"column":28}},"16":{"start":{"line":37,"column":4},"end":{"line":37,"column":28}},"17":{"start":{"line":38,"column":4},"end":{"line":38,"column":28}},"18":{"start":{"line":42,"column":4},"end":{"line":42,"column":28}},"19":{"start":{"line":46,"column":4},"end":{"line":46,"column":19}},"20":{"start":{"line":50,"column":4},"end":{"line":50,"column":22}},"21":{"start":{"line":53,"column":4},"end":{"line":53,"column":27}},"22":{"start":{"line":56,"column":4},"end":{"line":56,"column":19}},"23":{"start":{"line":59,"column":4},"end":{"line":59,"column":18}},"24":{"start":{"line":62,"column":4},"end":{"line":62,"column":25}},"25":{"start":{"line":66,"column":4},"end":{"line":66,"column":21}},"26":{"start":{"line":70,"column":4},"end":{"line":70,"column":24}},"27":{"start":{"line":74,"column":4},"end":{"line":74,"column":27}},"28":{"start":{"line":78,"column":4},"end":{"line":78,"column":24}},"29":{"start":{"line":81,"column":4},"end":{"line":81,"column":17}},"30":{"start":{"line":85,"column":4},"end":{"line":85,"column":22}},"31":{"start":{"line":88,"column":4},"end":{"line":88,"column":19}},"32":{"start":{"line":91,"column":4},"end":{"line":91,"column":24}},"33":{"start":{"line":94,"column":4},"end":{"line":94,"column":30}},"34":{"start":{"line":97,"column":4},"end":{"line":97,"column":31}},"35":{"start":{"line":100,"column":4},"end":{"line":100,"column":28}},"36":{"start":{"line":103,"column":4},"end":{"line":103,"column":24}},"37":{"start":{"line":106,"column":4},"end":{"line":106,"column":22}},"38":{"start":{"line":110,"column":4},"end":{"line":110,"column":24}},"39":{"start":{"line":114,"column":4},"end":{"line":114,"column":21}},"40":{"start":{"line":118,"column":4},"end":{"line":118,"column":24}},"41":{"start":{"line":122,"column":4},"end":{"line":122,"column":17}},"42":{"start":{"line":125,"column":4},"end":{"line":125,"column":24}},"43":{"start":{"line":129,"column":4},"end":{"line":129,"column":24}},"44":{"start":{"line":130,"column":4},"end":{"line":130,"column":30}},"45":{"start":{"line":134,"column":4},"end":{"line":134,"column":24}},"46":{"start":{"line":138,"column":4},"end":{"line":138,"column":32}},"47":{"start":{"line":142,"column":4},"end":{"line":142,"column":44}},"48":{"start":{"line":146,"column":0},"end":{"line":249,"column":3}},"49":{"start":{"line":147,"column":17},"end":{"line":147,"column":31}},"50":{"start":{"line":148,"column":2},"end":{"line":247,"column":3}},"51":{"start":{"line":150,"column":6},"end":{"line":150,"column":39}},"52":{"start":{"line":151,"column":6},"end":{"line":151,"column":39}},"53":{"start":{"line":152,"column":6},"end":{"line":152,"column":12}},"54":{"start":{"line":155,"column":6},"end":{"line":155,"column":34}},"55":{"start":{"line":156,"column":6},"end":{"line":156,"column":39}},"56":{"start":{"line":157,"column":6},"end":{"line":157,"column":12}},"57":{"start":{"line":160,"column":6},"end":{"line":160,"column":39}},"58":{"start":{"line":161,"column":6},"end":{"line":161,"column":47}},"59":{"start":{"line":162,"column":6},"end":{"line":162,"column":39}},"60":{"start":{"line":163,"column":6},"end":{"line":163,"column":12}},"61":{"start":{"line":166,"column":6},"end":{"line":166,"column":37}},"62":{"start":{"line":167,"column":6},"end":{"line":167,"column":39}},"63":{"start":{"line":168,"column":6},"end":{"line":168,"column":12}},"64":{"start":{"line":171,"column":6},"end":{"line":171,"column":38}},"65":{"start":{"line":172,"column":6},"end":{"line":172,"column":46}},"66":{"start":{"line":173,"column":6},"end":{"line":173,"column":39}},"67":{"start":{"line":174,"column":6},"end":{"line":174,"column":12}},"68":{"start":{"line":177,"column":6},"end":{"line":177,"column":45}},"69":{"start":{"line":178,"column":6},"end":{"line":178,"column":38}},"70":{"start":{"line":179,"column":6},"end":{"line":179,"column":39}},"71":{"start":{"line":180,"column":6},"end":{"line":180,"column":12}},"72":{"start":{"line":183,"column":6},"end":{"line":183,"column":24}},"73":{"start":{"line":184,"column":6},"end":{"line":184,"column":32}},"74":{"start":{"line":185,"column":6},"end":{"line":185,"column":39}},"75":{"start":{"line":186,"column":6},"end":{"line":186,"column":12}},"76":{"start":{"line":189,"column":6},"end":{"line":189,"column":39}},"77":{"start":{"line":190,"column":6},"end":{"line":190,"column":39}},"78":{"start":{"line":191,"column":6},"end":{"line":191,"column":12}},"79":{"start":{"line":193,"column":6},"end":{"line":193,"column":43}},"80":{"start":{"line":194,"column":6},"end":{"line":194,"column":44}},"81":{"start":{"line":195,"column":6},"end":{"line":195,"column":39}},"82":{"start":{"line":196,"column":6},"end":{"line":196,"column":12}},"83":{"start":{"line":198,"column":6},"end":{"line":198,"column":49}},"84":{"start":{"line":199,"column":6},"end":{"line":199,"column":39}},"85":{"start":{"line":200,"column":6},"end":{"line":200,"column":12}},"86":{"start":{"line":203,"column":6},"end":{"line":203,"column":26}},"87":{"start":{"line":204,"column":6},"end":{"line":204,"column":47}},"88":{"start":{"line":205,"column":6},"end":{"line":205,"column":39}},"89":{"start":{"line":206,"column":6},"end":{"line":206,"column":12}},"90":{"start":{"line":209,"column":6},"end":{"line":209,"column":41}},"91":{"start":{"line":210,"column":6},"end":{"line":210,"column":39}},"92":{"start":{"line":211,"column":6},"end":{"line":211,"column":12}},"93":{"start":{"line":214,"column":6},"end":{"line":214,"column":38}},"94":{"start":{"line":215,"column":6},"end":{"line":215,"column":39}},"95":{"start":{"line":216,"column":6},"end":{"line":216,"column":12}},"96":{"start":{"line":219,"column":6},"end":{"line":219,"column":43}},"97":{"start":{"line":220,"column":6},"end":{"line":220,"column":39}},"98":{"start":{"line":221,"column":6},"end":{"line":221,"column":12}},"99":{"start":{"line":224,"column":6},"end":{"line":224,"column":55}},"100":{"start":{"line":225,"column":6},"end":{"line":225,"column":39}},"101":{"start":{"line":226,"column":6},"end":{"line":226,"column":12}},"102":{"start":{"line":229,"column":6},"end":{"line":229,"column":49}},"103":{"start":{"line":230,"column":6},"end":{"line":230,"column":39}},"104":{"start":{"line":231,"column":6},"end":{"line":231,"column":12}},"105":{"start":{"line":234,"column":6},"end":{"line":234,"column":43}},"106":{"start":{"line":235,"column":6},"end":{"line":235,"column":57}},"107":{"start":{"line":236,"column":6},"end":{"line":236,"column":50}},"108":{"start":{"line":237,"column":6},"end":{"line":237,"column":79}},"109":{"start":{"line":238,"column":6},"end":{"line":238,"column":39}},"110":{"start":{"line":239,"column":6},"end":{"line":239,"column":12}},"111":{"start":{"line":242,"column":6},"end":{"line":242,"column":47}},"112":{"start":{"line":243,"column":6},"end":{"line":243,"column":39}},"113":{"start":{"line":244,"column":6},"end":{"line":244,"column":12}},"114":{"start":{"line":248,"column":2},"end":{"line":248,"column":14}}},"fnMap":{"0":{"name":"(anonymous_0)","decl":{"start":{"line":146,"column":26},"end":{"line":146,"column":27}},"loc":{"start":{"line":146,"column":39},"end":{"line":249,"column":1}},"line":146}},"branchMap":{"0":{"loc":{"start":{"line":148,"column":2},"end":{"line":247,"column":3}},"type":"switch","locations":[{"start":{"line":149,"column":4},"end":{"line":152,"column":12}},{"start":{"line":154,"column":4},"end":{"line":157,"column":12}},{"start":{"line":159,"column":4},"end":{"line":163,"column":12}},{"start":{"line":165,"column":4},"end":{"line":168,"column":12}},{"start":{"line":170,"column":4},"end":{"line":174,"column":12}},{"start":{"line":176,"column":4},"end":{"line":180,"column":12}},{"start":{"line":182,"column":4},"end":{"line":186,"column":12}},{"start":{"line":188,"column":4},"end":{"line":191,"column":12}},{"start":{"line":192,"column":4},"end":{"line":196,"column":12}},{"start":{"line":197,"column":4},"end":{"line":200,"column":12}},{"start":{"line":202,"column":4},"end":{"line":206,"column":12}},{"start":{"line":208,"column":4},"end":{"line":211,"column":12}},{"start":{"line":213,"column":4},"end":{"line":216,"column":12}},{"start":{"line":218,"column":4},"end":{"line":221,"column":12}},{"start":{"line":223,"column":4},"end":{"line":226,"column":12}},{"start":{"line":228,"column":4},"end":{"line":231,"column":12}},{"start":{"line":233,"column":4},"end":{"line":239,"column":12}},{"start":{"line":241,"column":4},"end":{"line":244,"column":12}},{"start":{"line":246,"column":4},"end":{"line":246,"column":12}}],"line":148}},"s":{"0":29,"1":29,"2":29,"3":29,"4":29,"5":29,"6":29,"7":29,"8":29,"9":29,"10":29,"11":29,"12":29,"13":1,"14":1,"15":0,"16":1,"17":1,"18":2,"19":19,"20":2,"21":0,"22":0,"23":1,"24":343,"25":185,"26":182,"27":4,"28":516,"29":182,"30":2,"31":1,"32":1,"33":0,"34":1,"35":0,"36":1,"37":679,"38":505,"39":1,"40":1,"41":1,"42":1,"43":2,"44":2,"45":41,"46":28,"47":1,"48":29,"49":41,"50":41,"51":2,"52":2,"53":2,"54":2,"55":2,"56":2,"57":1,"58":1,"59":1,"60":1,"61":1,"62":1,"63":1,"64":1,"65":1,"66":1,"67":1,"68":1,"69":1,"70":1,"71":1,"72":1,"73":1,"74":1,"75":1,"76":2,"77":2,"78":2,"79":1,"80":1,"81":1,"82":1,"83":1,"84":1,"85":1,"86":1,"87":1,"88":1,"89":1,"90":1,"91":1,"92":1,"93":1,"94":1,"95":1,"96":1,"97":1,"98":1,"99":2,"100":2,"101":2,"102":1,"103":1,"104":1,"105":1,"106":1,"107":1,"108":1,"109":1,"110":1,"111":19,"112":19,"113":19,"114":41},"f":{"0":41},"b":{"0":[2,2,1,1,1,1,1,2,1,1,1,1,1,1,2,1,1,19,1]},"_coverageSchema":"332fd63041d2c1bcb487cc26dd0d5f7d97098a6c","hash":"0d64799998f04cc2621426f03768880df3e13ee4"}
,"/Users/andeladeveloper/Desktop/post-it-app-2/server/app/config/database.js": {"path":"/Users/andeladeveloper/Desktop/post-it-app-2/server/app/config/database.js","statementMap":{"0":{"start":{"line":1,"column":0},"end":{"line":1,"column":27}},"1":{"start":{"line":3,"column":15},"end":{"line":10,"column":1}}},"fnMap":{},"branchMap":{},"s":{"0":2,"1":2},"f":{},"b":{},"_coverageSchema":"332fd63041d2c1bcb487cc26dd0d5f7d97098a6c","hash":"128bb609727ea88d62f0cf67ac9e6c5b10513c8a"}
}
