TN:
SF:/Users/andeladeveloper/Desktop/post-it-app-2/client/Api/index.js
FN:12,(anonymous_0)
FN:19,(anonymous_1)
FN:23,(anonymous_2)
FN:34,(anonymous_3)
FN:39,(anonymous_4)
FN:43,(anonymous_5)
FN:52,(anonymous_6)
FN:54,(anonymous_7)
FN:59,(anonymous_8)
FN:68,(anonymous_9)
FN:70,(anonymous_10)
FN:74,(anonymous_11)
FN:83,(anonymous_12)
FN:87,(anonymous_13)
FN:91,(anonymous_14)
FN:101,(anonymous_15)
FN:103,(anonymous_16)
FN:107,(anonymous_17)
FN:117,(anonymous_18)
FN:122,(anonymous_19)
FN:125,(anonymous_20)
FN:135,(anonymous_21)
FN:143,(anonymous_22)
FN:148,(anonymous_23)
FN:157,(anonymous_24)
FN:159,(anonymous_25)
FN:163,(anonymous_26)
FN:172,(anonymous_27)
FN:174,(anonymous_28)
FN:179,(anonymous_29)
FN:187,(anonymous_30)
FN:189,(anonymous_31)
FN:193,(anonymous_32)
FN:203,(anonymous_33)
FN:205,(anonymous_34)
FN:210,(anonymous_35)
FN:219,(anonymous_36)
FN:223,(anonymous_37)
FN:227,(anonymous_38)
FNF:39
FNH:0
FNDA:0,(anonymous_0)
FNDA:0,(anonymous_1)
FNDA:0,(anonymous_2)
FNDA:0,(anonymous_3)
FNDA:0,(anonymous_4)
FNDA:0,(anonymous_5)
FNDA:0,(anonymous_6)
FNDA:0,(anonymous_7)
FNDA:0,(anonymous_8)
FNDA:0,(anonymous_9)
FNDA:0,(anonymous_10)
FNDA:0,(anonymous_11)
FNDA:0,(anonymous_12)
FNDA:0,(anonymous_13)
FNDA:0,(anonymous_14)
FNDA:0,(anonymous_15)
FNDA:0,(anonymous_16)
FNDA:0,(anonymous_17)
FNDA:0,(anonymous_18)
FNDA:0,(anonymous_19)
FNDA:0,(anonymous_20)
FNDA:0,(anonymous_21)
FNDA:0,(anonymous_22)
FNDA:0,(anonymous_23)
FNDA:0,(anonymous_24)
FNDA:0,(anonymous_25)
FNDA:0,(anonymous_26)
FNDA:0,(anonymous_27)
FNDA:0,(anonymous_28)
FNDA:0,(anonymous_29)
FNDA:0,(anonymous_30)
FNDA:0,(anonymous_31)
FNDA:0,(anonymous_32)
FNDA:0,(anonymous_33)
FNDA:0,(anonymous_34)
FNDA:0,(anonymous_35)
FNDA:0,(anonymous_36)
FNDA:0,(anonymous_37)
FNDA:0,(anonymous_38)
DA:12,15
DA:13,0
DA:20,0
DA:21,0
DA:24,0
DA:25,0
DA:34,15
DA:35,0
DA:40,0
DA:41,0
DA:44,0
DA:52,15
DA:53,0
DA:55,0
DA:56,0
DA:57,0
DA:60,0
DA:68,15
DA:69,0
DA:71,0
DA:72,0
DA:75,0
DA:83,15
DA:84,0
DA:88,0
DA:89,0
DA:92,0
DA:93,0
DA:101,15
DA:102,0
DA:104,0
DA:105,0
DA:108,0
DA:117,15
DA:118,0
DA:123,0
DA:126,0
DA:135,15
DA:136,0
DA:146,0
DA:149,0
DA:157,15
DA:158,0
DA:160,0
DA:161,0
DA:164,0
DA:172,15
DA:173,0
DA:175,0
DA:176,0
DA:180,0
DA:187,15
DA:188,0
DA:190,0
DA:191,0
DA:194,0
DA:203,15
DA:204,0
DA:206,0
DA:208,0
DA:211,0
DA:219,15
DA:220,0
DA:224,0
DA:225,0
DA:228,0
DA:229,0
LF:67
LH:13
BRF:0
BRH:0
end_of_record
TN:
SF:/Users/andeladeveloper/Desktop/post-it-app-2/client/actions/PostItActions.js
FNF:0
FNH:0
DA:4,15
DA:10,0
DA:21,0
DA:33,0
DA:44,0
DA:54,0
DA:64,0
DA:70,0
DA:80,0
DA:91,0
DA:102,0
DA:113,0
DA:124,0
DA:134,0
DA:144,0
DA:156,0
DA:169,0
DA:182,0
DA:194,0
DA:200,0
LF:20
LH:1
BRF:0
BRH:0
end_of_record
TN:
SF:/Users/andeladeveloper/Desktop/post-it-app-2/client/constants/PostItConstants.js
FNF:0
FNH:0
DA:1,16
LF:1
LH:1
BRF:0
BRH:0
end_of_record
TN:
SF:/Users/andeladeveloper/Desktop/post-it-app-2/client/dispatcher/PostItDispatcher.js
FNF:0
FNH:0
DA:4,1
DA:6,0
DA:10,0
LF:3
LH:1
BRF:0
BRH:0
end_of_record
TN:
SF:/Users/andeladeveloper/Desktop/post-it-app-2/client/stores/PostItStore.js
FN:150,(anonymous_0)
FNF:1
FNH:1
FNDA:1,(anonymous_0)
DA:8,15
DA:9,15
DA:10,15
DA:11,15
DA:12,15
DA:13,15
DA:14,15
DA:15,15
DA:16,15
DA:17,15
DA:18,15
DA:19,15
DA:22,15
DA:25,0
DA:29,0
DA:33,0
DA:37,0
DA:41,0
DA:42,0
DA:46,0
DA:50,0
DA:54,0
DA:57,0
DA:60,0
DA:63,1
DA:66,0
DA:70,0
DA:74,1
DA:78,1
DA:82,1
DA:85,1
DA:89,2
DA:92,1
DA:95,1
DA:98,0
DA:101,0
DA:104,0
DA:107,0
DA:110,1
DA:114,0
DA:118,0
DA:122,0
DA:126,0
DA:129,0
DA:133,0
DA:134,0
DA:138,1
DA:142,1
DA:146,1
DA:150,15
DA:151,1
DA:152,1
DA:154,0
DA:155,0
DA:156,0
DA:159,0
DA:160,0
DA:161,0
DA:164,0
DA:166,0
DA:167,0
DA:170,0
DA:172,0
DA:173,0
DA:176,0
DA:177,0
DA:178,0
DA:179,0
DA:182,0
DA:185,0
DA:186,0
DA:189,0
DA:190,0
DA:191,0
DA:192,0
DA:195,0
DA:197,0
DA:198,0
DA:201,0
DA:202,0
DA:203,0
DA:205,0
DA:206,0
DA:207,0
DA:208,0
DA:210,0
DA:211,0
DA:212,0
DA:215,0
DA:216,0
DA:217,0
DA:218,0
DA:221,0
DA:222,0
DA:223,0
DA:226,0
DA:227,0
DA:228,0
DA:231,0
DA:232,0
DA:233,0
DA:236,0
DA:237,0
DA:238,0
DA:241,0
DA:242,0
DA:243,0
DA:246,0
DA:247,0
DA:248,0
DA:249,0
DA:250,0
DA:251,0
DA:254,0
DA:255,0
DA:256,0
DA:260,1
LF:117
LH:29
BRDA:152,0,0,0
BRDA:152,0,1,0
BRDA:152,0,2,0
BRDA:152,0,3,0
BRDA:152,0,4,0
BRDA:152,0,5,0
BRDA:152,0,6,0
BRDA:152,0,7,0
BRDA:152,0,8,0
BRDA:152,0,9,0
BRDA:152,0,10,0
BRDA:152,0,11,0
BRDA:152,0,12,0
BRDA:152,0,13,0
BRDA:152,0,14,0
BRDA:152,0,15,0
BRDA:152,0,16,0
BRDA:152,0,17,0
BRDA:152,0,18,0
BRDA:152,0,19,1
BRF:20
BRH:1
end_of_record
