TN:
SF:C:\Users\HP\Desktop\post-it-app-2\client\Api\index.js
FN:21,(anonymous_0)
FN:26,(anonymous_1)
FN:35,(anonymous_2)
FN:44,(anonymous_3)
FN:51,(anonymous_4)
FN:54,(anonymous_5)
FN:66,(anonymous_6)
FN:72,(anonymous_7)
FN:79,(anonymous_8)
FN:87,(anonymous_9)
FN:95,(anonymous_10)
FN:98,(anonymous_11)
FN:109,(anonymous_12)
FN:112,(anonymous_13)
FN:123,(anonymous_14)
FN:126,(anonymous_15)
FN:133,(anonymous_16)
FN:138,(anonymous_17)
FN:145,(anonymous_18)
FN:150,(anonymous_19)
FN:157,(anonymous_20)
FN:161,(anonymous_21)
FN:169,(anonymous_22)
FN:172,(anonymous_23)
FNF:24
FNH:0
FNDA:0,(anonymous_0)
FNDA:0,(anonymous_1)
FNDA:0,(anonymous_2)
FNDA:0,(anonymous_3)
FNDA:0,(anonymous_4)
FNDA:0,(anonymous_5)
FNDA:0,(anonymous_6)
FNDA:0,(anonymous_7)
FNDA:0,(anonymous_8)
FNDA:0,(anonymous_9)
FNDA:0,(anonymous_10)
FNDA:0,(anonymous_11)
FNDA:0,(anonymous_12)
FNDA:0,(anonymous_13)
FNDA:0,(anonymous_14)
FNDA:0,(anonymous_15)
FNDA:0,(anonymous_16)
FNDA:0,(anonymous_17)
FNDA:0,(anonymous_18)
FNDA:0,(anonymous_19)
FNDA:0,(anonymous_20)
FNDA:0,(anonymous_21)
FNDA:0,(anonymous_22)
FNDA:0,(anonymous_23)
DA:11,3
DA:14,0
DA:15,0
DA:22,0
DA:23,0
DA:27,0
DA:32,0
DA:36,0
DA:40,0
DA:41,0
DA:45,0
DA:51,0
DA:52,0
DA:55,0
DA:63,0
DA:64,0
DA:65,0
DA:67,0
DA:68,0
DA:69,0
DA:70,0
DA:73,0
DA:80,0
DA:84,0
DA:85,0
DA:88,0
DA:93,0
DA:96,0
DA:99,0
DA:104,0
DA:110,0
DA:113,0
DA:119,0
DA:124,0
DA:127,0
DA:132,0
DA:134,0
DA:135,0
DA:136,0
DA:139,0
DA:144,0
DA:146,0
DA:147,0
DA:148,0
DA:151,0
DA:156,0
DA:158,0
DA:159,0
DA:162,0
DA:166,0
DA:170,0
DA:173,0
LF:52
LH:1
BRF:0
BRH:0
end_of_record
TN:
SF:C:\Users\HP\Desktop\post-it-app-2\client\actions\PostItActions.js
FNF:0
FNH:0
DA:5,3
DA:7,0
DA:8,0
DA:13,0
DA:17,0
DA:18,0
DA:23,0
DA:28,0
DA:29,0
DA:33,0
DA:37,0
DA:43,0
DA:51,0
DA:59,0
DA:61,0
DA:70,0
DA:75,0
DA:80,0
DA:85,0
DA:90,0
DA:96,0
DA:104,0
DA:111,0
DA:118,0
DA:126,0
DA:128,0
LF:26
LH:1
BRF:0
BRH:0
end_of_record
TN:
SF:C:\Users\HP\Desktop\post-it-app-2\client\components\AddMember.js
FN:21,(anonymous_0)
FN:31,(anonymous_1)
FN:36,(anonymous_2)
FN:46,(anonymous_3)
FNF:4
FNH:0
FNDA:0,(anonymous_0)
FNDA:0,(anonymous_1)
FNDA:0,(anonymous_2)
FNDA:0,(anonymous_3)
DA:10,1
DA:22,0
DA:23,0
DA:27,0
DA:28,0
DA:32,0
DA:37,0
DA:38,0
DA:42,0
DA:47,0
LF:10
LH:1
BRF:0
BRH:0
end_of_record
TN:
SF:C:\Users\HP\Desktop\post-it-app-2\client\components\CreateGroup.js
FN:20,(anonymous_0)
FN:29,(anonymous_1)
FN:34,(anonymous_2)
FN:41,(anonymous_3)
FNF:4
FNH:0
FNDA:0,(anonymous_0)
FNDA:0,(anonymous_1)
FNDA:0,(anonymous_2)
FNDA:0,(anonymous_3)
DA:10,1
DA:21,0
DA:22,0
DA:25,0
DA:26,0
DA:30,0
DA:35,0
DA:36,0
DA:39,0
DA:42,0
LF:10
LH:1
BRF:0
BRH:0
end_of_record
TN:
SF:C:\Users\HP\Desktop\post-it-app-2\client\components\DashContainer.js
FN:16,getAppState
FN:63,(anonymous_1)
FN:79,(anonymous_2)
FN:83,(anonymous_3)
FN:90,(anonymous_4)
FN:97,(anonymous_5)
FNF:6
FNH:0
FNDA:0,getAppState
FNDA:0,(anonymous_1)
FNDA:0,(anonymous_2)
FNDA:0,(anonymous_3)
FNDA:0,(anonymous_4)
FNDA:0,(anonymous_5)
DA:17,0
DA:31,1
DA:49,1
DA:64,0
DA:65,0
DA:80,0
DA:84,0
DA:85,0
DA:87,0
DA:91,0
DA:99,0
LF:11
LH:2
BRF:0
BRH:0
end_of_record
TN:
SF:C:\Users\HP\Desktop\post-it-app-2\client\components\Group.js
FN:21,(anonymous_0)
FN:26,(anonymous_1)
FN:35,(anonymous_2)
FNF:3
FNH:0
FNDA:0,(anonymous_0)
FNDA:0,(anonymous_1)
FNDA:0,(anonymous_2)
DA:22,0
DA:23,0
DA:24,0
DA:27,0
DA:30,0
DA:31,0
DA:38,0
LF:7
LH:0
BRF:0
BRH:0
end_of_record
TN:
SF:C:\Users\HP\Desktop\post-it-app-2\client\components\GroupList.js
FN:18,(anonymous_0)
FN:35,(anonymous_1)
FN:41,(anonymous_2)
FN:47,(anonymous_3)
FN:53,(anonymous_4)
FN:54,(anonymous_5)
FNF:6
FNH:0
FNDA:0,(anonymous_0)
FNDA:0,(anonymous_1)
FNDA:0,(anonymous_2)
FNDA:0,(anonymous_3)
FNDA:0,(anonymous_4)
FNDA:0,(anonymous_5)
DA:19,0
DA:20,0
DA:28,0
DA:29,0
DA:30,0
DA:36,0
DA:42,0
DA:48,0
DA:54,0
DA:55,0
DA:59,0
LF:11
LH:0
BRDA:85,0,0,0
BRDA:85,0,1,0
BRDA:86,1,0,0
BRDA:86,1,1,0
BRDA:88,2,0,0
BRDA:88,2,1,0
BRDA:89,3,0,0
BRDA:89,3,1,0
BRDA:91,4,0,0
BRDA:91,4,1,0
BRDA:92,5,0,0
BRDA:92,5,1,0
BRF:12
BRH:0
end_of_record
TN:
SF:C:\Users\HP\Desktop\post-it-app-2\client\components\Home.js
FN:4,(anonymous_0)
FNF:1
FNH:0
FNDA:0,(anonymous_0)
DA:5,0
LF:1
LH:0
BRF:0
BRH:0
end_of_record
TN:
SF:C:\Users\HP\Desktop\post-it-app-2\client\components\Login.js
FN:17,setErrorMsg
FN:28,(anonymous_1)
FN:42,(anonymous_2)
FN:49,(anonymous_3)
FN:58,(anonymous_4)
FN:63,(anonymous_5)
FN:71,(anonymous_6)
FNF:7
FNH:2
FNDA:0,setErrorMsg
FNDA:1,(anonymous_1)
FNDA:0,(anonymous_2)
FNDA:0,(anonymous_3)
FNDA:0,(anonymous_4)
FNDA:0,(anonymous_5)
FNDA:1,(anonymous_6)
DA:18,0
DA:29,1
DA:30,1
DA:36,1
DA:37,1
DA:38,1
DA:39,1
DA:43,0
DA:51,0
DA:55,0
DA:59,0
DA:65,0
DA:68,0
DA:72,1
DA:124,2
LF:15
LH:8
BRDA:94,0,0,1
BRDA:94,0,1,0
BRF:2
BRH:1
end_of_record
TN:
SF:C:\Users\HP\Desktop\post-it-app-2\client\components\Message.js
FN:17,(anonymous_0)
FN:21,(anonymous_1)
FNF:2
FNH:0
FNDA:0,(anonymous_0)
FNDA:0,(anonymous_1)
DA:18,0
DA:22,0
LF:2
LH:0
BRF:0
BRH:0
end_of_record
TN:
SF:C:\Users\HP\Desktop\post-it-app-2\client\components\MessageBox.js
FN:30,(anonymous_0)
FN:41,(anonymous_1)
FN:47,(anonymous_2)
FN:94,(anonymous_3)
FNF:4
FNH:0
FNDA:0,(anonymous_0)
FNDA:0,(anonymous_1)
FNDA:0,(anonymous_2)
FNDA:0,(anonymous_3)
DA:14,1
DA:15,1
DA:16,1
DA:20,1
DA:31,0
DA:32,0
DA:37,0
DA:38,0
DA:42,0
DA:48,0
DA:49,0
DA:54,0
DA:96,0
LF:13
LH:4
BRF:0
BRH:0
end_of_record
TN:
SF:C:\Users\HP\Desktop\post-it-app-2\client\components\MessageList.js
FN:16,(anonymous_0)
FN:20,(anonymous_1)
FN:22,(anonymous_2)
FNF:3
FNH:0
FNDA:0,(anonymous_0)
FNDA:0,(anonymous_1)
FNDA:0,(anonymous_2)
DA:17,0
DA:22,0
DA:23,0
DA:28,0
LF:4
LH:0
BRF:0
BRH:0
end_of_record
TN:
SF:C:\Users\HP\Desktop\post-it-app-2\client\components\Nav.js
FN:10,(anonymous_0)
FN:34,(anonymous_1)
FNF:2
FNH:0
FNDA:0,(anonymous_0)
FNDA:0,(anonymous_1)
DA:11,0
DA:35,0
LF:2
LH:0
BRDA:20,0,0,0
BRDA:20,0,1,0
BRF:2
BRH:0
end_of_record
TN:
SF:C:\Users\HP\Desktop\post-it-app-2\client\components\Register.js
FN:14,setErrorMsg
FN:26,(anonymous_1)
FN:42,(anonymous_2)
FN:49,(anonymous_3)
FN:63,(anonymous_4)
FNF:5
FNH:2
FNDA:0,setErrorMsg
FNDA:1,(anonymous_1)
FNDA:0,(anonymous_2)
FNDA:0,(anonymous_3)
FNDA:1,(anonymous_4)
DA:15,0
DA:27,1
DA:29,1
DA:38,1
DA:39,1
DA:43,0
DA:50,0
DA:51,0
DA:58,0
DA:59,0
DA:65,1
DA:105,2
LF:12
LH:6
BRF:0
BRH:0
end_of_record
TN:
SF:C:\Users\HP\Desktop\post-it-app-2\client\components\User.js
FN:17,(anonymous_0)
FN:21,(anonymous_1)
FNF:2
FNH:0
FNDA:0,(anonymous_0)
FNDA:0,(anonymous_1)
DA:18,0
DA:22,0
LF:2
LH:0
BRF:0
BRH:0
end_of_record
TN:
SF:C:\Users\HP\Desktop\post-it-app-2\client\components\UserList.js
FN:17,(anonymous_0)
FN:21,(anonymous_1)
FN:40,(anonymous_2)
FNF:3
FNH:0
FNDA:0,(anonymous_0)
FNDA:0,(anonymous_1)
FNDA:0,(anonymous_2)
DA:18,0
DA:22,0
DA:23,0
DA:40,0
DA:41,0
DA:45,0
DA:50,0
LF:7
LH:0
BRDA:22,0,0,0
BRDA:22,0,1,0
BRF:2
BRH:0
end_of_record
TN:
SF:C:\Users\HP\Desktop\post-it-app-2\client\components\index.js
FN:24,getAppState
FN:34,PrivateRoute
FN:38,(anonymous_2)
FN:45,PublicRoute
FN:49,(anonymous_4)
FN:60,(anonymous_5)
FN:71,(anonymous_6)
FN:87,(anonymous_7)
FN:90,(anonymous_8)
FN:95,(anonymous_9)
FN:109,(anonymous_10)
FN:115,(anonymous_11)
FNF:12
FNH:2
FNDA:0,getAppState
FNDA:0,PrivateRoute
FNDA:0,(anonymous_2)
FNDA:0,PublicRoute
FNDA:0,(anonymous_4)
FNDA:1,(anonymous_5)
FNDA:0,(anonymous_6)
FNDA:0,(anonymous_7)
FNDA:0,(anonymous_8)
FNDA:1,(anonymous_9)
FNDA:0,(anonymous_10)
FNDA:0,(anonymous_11)
DA:21,1
DA:25,0
DA:35,0
DA:38,0
DA:46,0
DA:49,0
DA:61,1
DA:62,1
DA:66,1
DA:67,1
DA:72,0
DA:88,0
DA:91,0
DA:92,0
DA:96,1
DA:97,1
DA:109,0
DA:116,0
LF:18
LH:7
BRDA:38,0,0,0
BRDA:38,0,1,0
BRDA:49,1,0,0
BRDA:49,1,1,0
BRDA:96,2,0,1
BRDA:96,2,1,0
BRF:6
BRH:1
end_of_record
TN:
SF:C:\Users\HP\Desktop\post-it-app-2\client\components\protected\Dashbord.js
FN:35,(anonymous_0)
FNF:1
FNH:0
FNDA:0,(anonymous_0)
DA:14,1
DA:36,0
LF:2
LH:1
BRF:0
BRH:0
end_of_record
TN:
SF:C:\Users\HP\Desktop\post-it-app-2\client\constants\PostItConstants.js
FNF:0
FNH:0
DA:1,3
LF:1
LH:1
BRF:0
BRH:0
end_of_record
TN:
SF:C:\Users\HP\Desktop\post-it-app-2\client\dispatcher\PostItDispatcher.js
FN:12,(anonymous_0)
FNF:1
FNH:0
FNDA:0,(anonymous_0)
DA:10,3
DA:12,3
DA:14,0
DA:17,0
DA:18,0
DA:19,0
DA:20,0
DA:21,0
DA:22,0
DA:26,0
DA:28,0
DA:29,0
DA:31,0
DA:32,0
DA:35,0
DA:37,0
DA:39,0
DA:41,0
DA:42,0
DA:45,0
DA:47,0
DA:49,0
DA:51,0
DA:52,0
DA:56,0
DA:57,0
DA:59,0
DA:61,0
DA:62,0
DA:65,0
DA:67,0
DA:69,0
DA:70,0
DA:72,0
DA:73,0
DA:77,0
DA:80,0
DA:82,0
DA:83,0
DA:87,0
DA:89,0
DA:90,0
DA:94,0
DA:96,0
DA:97,0
DA:100,0
DA:102,0
DA:104,0
DA:105,0
DA:108,0
DA:110,0
DA:111,0
DA:115,0
DA:116,0
DA:117,0
DA:118,0
DA:119,0
DA:122,0
DA:125,0
DA:127,0
DA:128,0
DA:131,0
DA:133,0
DA:134,0
DA:138,0
DA:140,0
DA:147,0
LF:67
LH:2
BRDA:14,0,0,0
BRDA:14,0,1,0
BRDA:14,0,2,0
BRDA:14,0,3,0
BRDA:14,0,4,0
BRDA:14,0,5,0
BRDA:14,0,6,0
BRDA:14,0,7,0
BRDA:14,0,8,0
BRDA:14,0,9,0
BRDA:14,0,10,0
BRDA:14,0,11,0
BRDA:14,0,12,0
BRDA:14,0,13,0
BRDA:14,0,14,0
BRDA:14,0,15,0
BRF:16
BRH:0
end_of_record
TN:
SF:C:\Users\HP\Desktop\post-it-app-2\client\stores\PostItStore.js
FNF:0
FNH:0
DA:6,3
DA:7,3
DA:8,3
DA:9,3
DA:10,3
DA:11,3
DA:12,3
DA:13,3
DA:14,3
DA:15,3
DA:16,3
DA:17,3
DA:21,3
DA:26,0
DA:30,0
DA:34,0
DA:37,0
DA:38,0
DA:43,0
DA:44,0
DA:49,0
DA:53,0
DA:55,0
DA:60,0
DA:61,0
DA:62,0
DA:66,0
DA:70,0
DA:71,0
DA:75,0
DA:79,0
DA:82,0
DA:87,1
DA:91,3
DA:95,0
DA:98,0
DA:99,0
DA:103,0
DA:106,0
DA:110,0
DA:113,0
DA:117,0
DA:121,0
DA:123,0
DA:124,0
DA:128,0
DA:132,0
DA:136,0
LF:48
LH:15
BRF:0
BRH:0
end_of_record
TN:
SF:C:\Users\HP\Desktop\post-it-app-2\server\config\db.js
FNF:0
FNH:0
DA:4,3
DA:13,3
DA:15,3
DA:16,3
LF:4
LH:4
BRF:0
BRH:0
end_of_record
